                     DATE/TIME                   MESSAGE/VARIABLE                               DATA
  12-12-2023 02:39:04:510:982                Created dronepidfifo                                 -
  12-12-2023 02:39:04:942:845                 Opened dronepidfifo                                 -
  12-12-2023 02:39:04:942:903                           Drone PID                              40407
  12-12-2023 02:39:04:942:945                 Opened sem_watchdog                                 -
  12-12-2023 02:39:04:942:983                 Opened shm_watchdog                                 -
   12-12-2023 02:39:04:943:98               received watchdog pid                                 -
  12-12-2023 02:39:04:943:135                        Watchdog PID                              40409
  12-12-2023 02:39:04:943:206               Opened keypressedfifo                                 -
  12-12-2023 02:39:04:943:259                   Opened sem_window                                 -
  12-12-2023 02:39:04:943:303                   Opened shm_window                                 -
  12-12-2023 02:39:04:943:362                    Opened sem_drone                                 -
  12-12-2023 02:39:04:943:406                    Opened shm_drone                                 -
  12-12-2023 02:39:04:953:586                            keyvalue                                  0
  12-12-2023 02:39:04:953:635                           droneMaxY                                  0
  12-12-2023 02:39:04:953:667                           droneMaxX                                  0
  12-12-2023 02:39:04:953:690                      DronePositionY                                 15
  12-12-2023 02:39:04:953:710                      DronePositionY                                 15
  12-12-2023 02:39:04:953:731                              ForceY                                  0
  12-12-2023 02:39:04:953:751                              forceX                                  0
  12-12-2023 02:39:04:953:778                 Sent dronepos to UI                                 -
   12-12-2023 02:39:05:53:953                            keyvalue                                 -1
    12-12-2023 02:39:05:54:51                           droneMaxY                                 26
   12-12-2023 02:39:05:54:113                           droneMaxX                                 76
   12-12-2023 02:39:05:54:170                      DronePositionY                                 15
   12-12-2023 02:39:05:54:227                      DronePositionY                                 15
   12-12-2023 02:39:05:54:287                              ForceY                                  0
   12-12-2023 02:39:05:54:345                              forceX                                  0
   12-12-2023 02:39:05:54:401                 Sent dronepos to UI                                 -
  12-12-2023 02:39:05:154:600                            keyvalue                                 -1
  12-12-2023 02:39:05:154:698                           droneMaxY                                 26
  12-12-2023 02:39:05:154:764                           droneMaxX                                 76
  12-12-2023 02:39:05:154:827                      DronePositionY                                 15
  12-12-2023 02:39:05:154:892                      DronePositionY                                 15
  12-12-2023 02:39:05:154:955                              ForceY                                  0
   12-12-2023 02:39:05:155:18                              forceX                                  0
   12-12-2023 02:39:05:155:82                 Sent dronepos to UI                                 -
  12-12-2023 02:39:05:255:289                            keyvalue                                 -1
  12-12-2023 02:39:05:255:388                           droneMaxY                                 26
  12-12-2023 02:39:05:255:454                           droneMaxX                                 76
  12-12-2023 02:39:05:255:520                      DronePositionY                                 15
  12-12-2023 02:39:05:255:611                      DronePositionY                                 15
  12-12-2023 02:39:05:255:678                              ForceY                                  0
  12-12-2023 02:39:05:255:751                              forceX                                  0
  12-12-2023 02:39:05:255:813                 Sent dronepos to UI                                 -
  12-12-2023 02:39:05:357:287                            keyvalue                                 -1
  12-12-2023 02:39:05:357:392                           droneMaxY                                 26
  12-12-2023 02:39:05:357:466                           droneMaxX                                 76
  12-12-2023 02:39:05:357:538                      DronePositionY                                 15
  12-12-2023 02:39:05:357:625                      DronePositionY                                 15
  12-12-2023 02:39:05:357:796                              ForceY                                  0
  12-12-2023 02:39:05:357:907                              forceX                                  0
   12-12-2023 02:39:05:358:14                 Sent dronepos to UI                                 -
  12-12-2023 02:39:05:462:212                            keyvalue                                 -1
  12-12-2023 02:39:05:462:342                           droneMaxY                                 26
  12-12-2023 02:39:05:462:415                           droneMaxX                                 76
  12-12-2023 02:39:05:462:493                      DronePositionY                                 15
  12-12-2023 02:39:05:462:585                      DronePositionY                                 15
  12-12-2023 02:39:05:462:652                              ForceY                                  0
  12-12-2023 02:39:05:462:719                              forceX                                  0
  12-12-2023 02:39:05:462:783                 Sent dronepos to UI                                 -
  12-12-2023 02:39:05:567:167                            keyvalue                                 -1
  12-12-2023 02:39:05:567:288                           droneMaxY                                 26
  12-12-2023 02:39:05:567:364                           droneMaxX                                 76
  12-12-2023 02:39:05:567:440                      DronePositionY                                 15
  12-12-2023 02:39:05:567:536                      DronePositionY                                 15
  12-12-2023 02:39:05:567:601                              ForceY                                  0
  12-12-2023 02:39:05:567:671                              forceX                                  0
  12-12-2023 02:39:05:567:738                 Sent dronepos to UI                                 -
  12-12-2023 02:39:05:672:319                            keyvalue                                 -1
  12-12-2023 02:39:05:672:424                           droneMaxY                                 26
  12-12-2023 02:39:05:672:497                           droneMaxX                                 76
  12-12-2023 02:39:05:672:564                      DronePositionY                                 15
  12-12-2023 02:39:05:672:651                      DronePositionY                                 15
  12-12-2023 02:39:05:672:770                              ForceY                                  0
  12-12-2023 02:39:05:672:874                              forceX                                  0
  12-12-2023 02:39:05:672:982                 Sent dronepos to UI                                 -
  12-12-2023 02:39:05:777:538                            keyvalue                                 -1
  12-12-2023 02:39:05:777:642                           droneMaxY                                 26
  12-12-2023 02:39:05:777:757                           droneMaxX                                 76
  12-12-2023 02:39:05:777:830                      DronePositionY                                 15
  12-12-2023 02:39:05:777:910                      DronePositionY                                 15
  12-12-2023 02:39:05:778:548                              ForceY                                  0
  12-12-2023 02:39:05:778:657                              forceX                                  0
  12-12-2023 02:39:05:778:757                 Sent dronepos to UI                                 -
  12-12-2023 02:39:05:882:504                            keyvalue                                 -1
  12-12-2023 02:39:05:882:638                           droneMaxY                                 26
  12-12-2023 02:39:05:882:710                           droneMaxX                                 76
  12-12-2023 02:39:05:882:780                      DronePositionY                                 15
  12-12-2023 02:39:05:882:874                      DronePositionY                                 15
  12-12-2023 02:39:05:882:941                              ForceY                                  0
    12-12-2023 02:39:05:883:8                              forceX                                  0
   12-12-2023 02:39:05:883:74                 Sent dronepos to UI                                 -
  12-12-2023 02:39:05:987:447                            keyvalue                                 -1
  12-12-2023 02:39:05:987:553                           droneMaxY                                 26
  12-12-2023 02:39:05:987:624                           droneMaxX                                 76
  12-12-2023 02:39:05:987:693                      DronePositionY                                 15
  12-12-2023 02:39:05:987:762                      DronePositionY                                 15
  12-12-2023 02:39:05:987:828                              ForceY                                  0
  12-12-2023 02:39:05:987:895                              forceX                                  0
  12-12-2023 02:39:05:987:962                 Sent dronepos to UI                                 -
   12-12-2023 02:39:06:92:785                            keyvalue                                 -1
   12-12-2023 02:39:06:92:888                           droneMaxY                                 26
   12-12-2023 02:39:06:92:961                           droneMaxX                                 76
    12-12-2023 02:39:06:93:30                      DronePositionY                                 15
    12-12-2023 02:39:06:93:99                      DronePositionY                                 15
   12-12-2023 02:39:06:93:165                              ForceY                                  0
   12-12-2023 02:39:06:93:231                              forceX                                  0
   12-12-2023 02:39:06:93:297                 Sent dronepos to UI                                 -
  12-12-2023 02:39:06:197:847                            keyvalue                                 -1
  12-12-2023 02:39:06:197:951                           droneMaxY                                 26
   12-12-2023 02:39:06:198:25                           droneMaxX                                 76
   12-12-2023 02:39:06:198:97                      DronePositionY                                 15
  12-12-2023 02:39:06:198:190                      DronePositionY                                 15
  12-12-2023 02:39:06:198:318                              ForceY                                  0
  12-12-2023 02:39:06:198:432                              forceX                                  0
  12-12-2023 02:39:06:198:535                 Sent dronepos to UI                                 -
  12-12-2023 02:39:06:302:681                            keyvalue                                 -1
  12-12-2023 02:39:06:302:820                           droneMaxY                                 26
  12-12-2023 02:39:06:302:923                           droneMaxX                                 76
   12-12-2023 02:39:06:303:22                      DronePositionY                                 15
  12-12-2023 02:39:06:303:121                      DronePositionY                                 15
  12-12-2023 02:39:06:303:250                              ForceY                                  0
  12-12-2023 02:39:06:303:349                              forceX                                  0
  12-12-2023 02:39:06:303:444                 Sent dronepos to UI                                 -
  12-12-2023 02:39:06:407:734                            keyvalue                                 -1
  12-12-2023 02:39:06:407:838                           droneMaxY                                 26
  12-12-2023 02:39:06:407:908                           droneMaxX                                 76
  12-12-2023 02:39:06:407:975                      DronePositionY                                 15
   12-12-2023 02:39:06:408:42                      DronePositionY                                 15
  12-12-2023 02:39:06:408:109                              ForceY                                  0
  12-12-2023 02:39:06:408:175                              forceX                                  0
  12-12-2023 02:39:06:408:241                 Sent dronepos to UI                                 -
  12-12-2023 02:39:06:512:852                            keyvalue                                 -1
  12-12-2023 02:39:06:512:955                           droneMaxY                                 26
   12-12-2023 02:39:06:513:27                           droneMaxX                                 76
   12-12-2023 02:39:06:513:95                      DronePositionY                                 15
  12-12-2023 02:39:06:513:164                      DronePositionY                                 15
  12-12-2023 02:39:06:513:229                              ForceY                                  0
  12-12-2023 02:39:06:513:295                              forceX                                  0
  12-12-2023 02:39:06:513:362                 Sent dronepos to UI                                 -
   12-12-2023 02:39:06:618:21                            keyvalue                                 -1
  12-12-2023 02:39:06:618:124                           droneMaxY                                 26
  12-12-2023 02:39:06:618:196                           droneMaxX                                 76
  12-12-2023 02:39:06:618:265                      DronePositionY                                 15
  12-12-2023 02:39:06:618:334                      DronePositionY                                 15
  12-12-2023 02:39:06:618:401                              ForceY                                  0
  12-12-2023 02:39:06:618:466                              forceX                                  0
  12-12-2023 02:39:06:618:532                 Sent dronepos to UI                                 -
  12-12-2023 02:39:06:722:817                            keyvalue                                 -1
  12-12-2023 02:39:06:722:931                           droneMaxY                                 26
    12-12-2023 02:39:06:723:4                           droneMaxX                                 76
   12-12-2023 02:39:06:723:71                      DronePositionY                                 15
  12-12-2023 02:39:06:723:134                      DronePositionY                                 15
  12-12-2023 02:39:06:723:196                              ForceY                                  0
  12-12-2023 02:39:06:723:257                              forceX                                  0
  12-12-2023 02:39:06:723:318                 Sent dronepos to UI                                 -
  12-12-2023 02:39:06:827:949                            keyvalue                                 -1
   12-12-2023 02:39:06:828:51                           droneMaxY                                 26
  12-12-2023 02:39:06:828:123                           droneMaxX                                 76
  12-12-2023 02:39:06:828:192                      DronePositionY                                 15
  12-12-2023 02:39:06:828:260                      DronePositionY                                 15
  12-12-2023 02:39:06:828:326                              ForceY                                  0
  12-12-2023 02:39:06:828:428                              forceX                                  0
  12-12-2023 02:39:06:828:497                 Sent dronepos to UI                                 -
  12-12-2023 02:39:06:932:887                            keyvalue                                 -1
  12-12-2023 02:39:06:932:991                           droneMaxY                                 26
   12-12-2023 02:39:06:933:64                           droneMaxX                                 76
  12-12-2023 02:39:06:933:132                      DronePositionY                                 15
  12-12-2023 02:39:06:933:203                      DronePositionY                                 15
  12-12-2023 02:39:06:933:270                              ForceY                                  0
  12-12-2023 02:39:06:933:335                              forceX                                  0
  12-12-2023 02:39:06:933:399                 Sent dronepos to UI                                 -
   12-12-2023 02:39:07:38:171                            keyvalue                                 -1
   12-12-2023 02:39:07:38:276                           droneMaxY                                 26
   12-12-2023 02:39:07:38:348                           droneMaxX                                 76
   12-12-2023 02:39:07:38:417                      DronePositionY                                 15
   12-12-2023 02:39:07:38:485                      DronePositionY                                 15
   12-12-2023 02:39:07:38:552                              ForceY                                  0
   12-12-2023 02:39:07:38:619                              forceX                                  0
   12-12-2023 02:39:07:38:685                 Sent dronepos to UI                                 -
  12-12-2023 02:39:07:142:930                            keyvalue                                 -1
   12-12-2023 02:39:07:143:54                           droneMaxY                                 26
  12-12-2023 02:39:07:143:160                           droneMaxX                                 76
  12-12-2023 02:39:07:143:257                      DronePositionY                                 15
  12-12-2023 02:39:07:143:358                      DronePositionY                                 15
  12-12-2023 02:39:07:143:448                              ForceY                                  0
  12-12-2023 02:39:07:143:531                              forceX                                  0
  12-12-2023 02:39:07:143:616                 Sent dronepos to UI                                 -
  12-12-2023 02:39:07:248:564                            keyvalue                                 -1
  12-12-2023 02:39:07:248:682                           droneMaxY                                 26
  12-12-2023 02:39:07:248:791                           droneMaxX                                 76
  12-12-2023 02:39:07:248:889                      DronePositionY                                 15
  12-12-2023 02:39:07:248:989                      DronePositionY                                 15
   12-12-2023 02:39:07:249:79                              ForceY                                  0
  12-12-2023 02:39:07:249:165                              forceX                                  0
  12-12-2023 02:39:07:249:250                 Sent dronepos to UI                                 -
  12-12-2023 02:39:07:353:906                            keyvalue                                 -1
   12-12-2023 02:39:07:354:41                           droneMaxY                                 26
  12-12-2023 02:39:07:354:171                           droneMaxX                                 76
  12-12-2023 02:39:07:354:285                      DronePositionY                                 15
  12-12-2023 02:39:07:354:395                      DronePositionY                                 15
  12-12-2023 02:39:07:354:501                              ForceY                                  0
  12-12-2023 02:39:07:354:606                              forceX                                  0
  12-12-2023 02:39:07:354:741                 Sent dronepos to UI                                 -
  12-12-2023 02:39:07:458:973                            keyvalue                                 -1
  12-12-2023 02:39:07:459:101                           droneMaxY                                 26
  12-12-2023 02:39:07:459:223                           droneMaxX                                 76
  12-12-2023 02:39:07:459:333                      DronePositionY                                 15
  12-12-2023 02:39:07:459:445                      DronePositionY                                 15
  12-12-2023 02:39:07:459:546                              ForceY                                  0
  12-12-2023 02:39:07:459:642                              forceX                                  0
  12-12-2023 02:39:07:459:737                 Sent dronepos to UI                                 -
  12-12-2023 02:39:07:564:606                            keyvalue                                 -1
  12-12-2023 02:39:07:564:742                           droneMaxY                                 26
  12-12-2023 02:39:07:564:864                           droneMaxX                                 76
  12-12-2023 02:39:07:564:981                      DronePositionY                                 15
   12-12-2023 02:39:07:565:96                      DronePositionY                                 15
  12-12-2023 02:39:07:565:203                              ForceY                                  0
  12-12-2023 02:39:07:565:311                              forceX                                  0
  12-12-2023 02:39:07:565:418                 Sent dronepos to UI                                 -
   12-12-2023 02:39:07:670:76                            keyvalue                                 -1
  12-12-2023 02:39:07:670:210                           droneMaxY                                 26
  12-12-2023 02:39:07:670:335                           droneMaxX                                 76
  12-12-2023 02:39:07:670:455                      DronePositionY                                 15
  12-12-2023 02:39:07:670:568                      DronePositionY                                 15
  12-12-2023 02:39:07:670:670                              ForceY                                  0
  12-12-2023 02:39:07:670:770                              forceX                                  0
  12-12-2023 02:39:07:670:870                 Sent dronepos to UI                                 -
  12-12-2023 02:39:07:775:751                            keyvalue                                 -1
  12-12-2023 02:39:07:775:883                           droneMaxY                                 26
    12-12-2023 02:39:07:776:9                           droneMaxX                                 76
  12-12-2023 02:39:07:776:140                      DronePositionY                                 15
  12-12-2023 02:39:07:776:249                      DronePositionY                                 15
  12-12-2023 02:39:07:776:356                              ForceY                                  0
  12-12-2023 02:39:07:776:456                              forceX                                  0
  12-12-2023 02:39:07:776:559                 Sent dronepos to UI                                 -
   12-12-2023 02:39:07:881:40                            keyvalue                                 -1
   12-12-2023 02:39:07:881:81                           droneMaxY                                 26
  12-12-2023 02:39:07:881:117                           droneMaxX                                 76
  12-12-2023 02:39:07:881:154                      DronePositionY                                 15
  12-12-2023 02:39:07:881:191                      DronePositionY                                 15
  12-12-2023 02:39:07:881:226                              ForceY                                  0
  12-12-2023 02:39:07:881:257                              forceX                                  0
  12-12-2023 02:39:07:881:309                 Sent dronepos to UI                                 -
  12-12-2023 02:39:07:983:420                            keyvalue                                 -1
  12-12-2023 02:39:07:983:553                           droneMaxY                                 26
  12-12-2023 02:39:07:983:681                           droneMaxX                                 76
  12-12-2023 02:39:07:983:798                      DronePositionY                                 15
  12-12-2023 02:39:07:983:911                      DronePositionY                                 15
   12-12-2023 02:39:07:984:14                              ForceY                                  0
  12-12-2023 02:39:07:984:120                              forceX                                  0
  12-12-2023 02:39:07:984:219                 Sent dronepos to UI                                 -
    12-12-2023 02:39:08:89:58                            keyvalue                                 -1
   12-12-2023 02:39:08:89:194                           droneMaxY                                 26
   12-12-2023 02:39:08:89:315                           droneMaxX                                 76
   12-12-2023 02:39:08:89:429                      DronePositionY                                 15
   12-12-2023 02:39:08:89:539                      DronePositionY                                 15
   12-12-2023 02:39:08:89:643                              ForceY                                  0
   12-12-2023 02:39:08:89:796                              forceX                                  0
   12-12-2023 02:39:08:89:894                 Sent dronepos to UI                                 -
  12-12-2023 02:39:08:194:450                            keyvalue                                 -1
  12-12-2023 02:39:08:194:586                           droneMaxY                                 26
  12-12-2023 02:39:08:194:708                           droneMaxX                                 76
  12-12-2023 02:39:08:194:822                      DronePositionY                                 15
  12-12-2023 02:39:08:194:936                      DronePositionY                                 15
   12-12-2023 02:39:08:195:43                              ForceY                                  0
  12-12-2023 02:39:08:195:142                              forceX                                  0
  12-12-2023 02:39:08:195:237                 Sent dronepos to UI                                 -
   12-12-2023 02:39:08:300:25                            keyvalue                                 -1
  12-12-2023 02:39:08:300:159                           droneMaxY                                 26
  12-12-2023 02:39:08:300:287                           droneMaxX                                 76
  12-12-2023 02:39:08:300:404                      DronePositionY                                 15
  12-12-2023 02:39:08:300:517                      DronePositionY                                 15
  12-12-2023 02:39:08:300:620                              ForceY                                  0
  12-12-2023 02:39:08:300:725                              forceX                                  0
  12-12-2023 02:39:08:300:839                 Sent dronepos to UI                                 -
  12-12-2023 02:39:08:405:841                            keyvalue                                 -1
  12-12-2023 02:39:08:405:967                           droneMaxY                                 26
   12-12-2023 02:39:08:406:86                           droneMaxX                                 76
  12-12-2023 02:39:08:406:204                      DronePositionY                                 15
  12-12-2023 02:39:08:406:317                      DronePositionY                                 15
  12-12-2023 02:39:08:406:420                              ForceY                                  0
  12-12-2023 02:39:08:406:517                              forceX                                  0
  12-12-2023 02:39:08:406:617                 Sent dronepos to UI                                 -
  12-12-2023 02:39:08:511:143                            keyvalue                                 -1
  12-12-2023 02:39:08:511:281                           droneMaxY                                 26
  12-12-2023 02:39:08:511:404                           droneMaxX                                 76
  12-12-2023 02:39:08:511:523                      DronePositionY                                 15
  12-12-2023 02:39:08:511:636                      DronePositionY                                 15
  12-12-2023 02:39:08:511:738                              ForceY                                  0
  12-12-2023 02:39:08:511:844                              forceX                                  0
  12-12-2023 02:39:08:511:941                 Sent dronepos to UI                                 -
  12-12-2023 02:39:08:616:746                            keyvalue                                 -1
  12-12-2023 02:39:08:616:875                           droneMaxY                                 26
  12-12-2023 02:39:08:616:983                           droneMaxX                                 76
   12-12-2023 02:39:08:617:87                      DronePositionY                                 15
  12-12-2023 02:39:08:617:188                      DronePositionY                                 15
  12-12-2023 02:39:08:617:277                              ForceY                                  0
  12-12-2023 02:39:08:617:366                              forceX                                  0
  12-12-2023 02:39:08:617:455                 Sent dronepos to UI                                 -
  12-12-2023 02:39:08:721:959                            keyvalue                                 -1
   12-12-2023 02:39:08:722:93                           droneMaxY                                 26
  12-12-2023 02:39:08:722:185                           droneMaxX                                 76
  12-12-2023 02:39:08:722:276                      DronePositionY                                 15
  12-12-2023 02:39:08:722:366                      DronePositionY                                 15
  12-12-2023 02:39:08:722:457                              ForceY                                  0
  12-12-2023 02:39:08:722:547                              forceX                                  0
  12-12-2023 02:39:08:722:638                 Sent dronepos to UI                                 -
