                     DATE/TIME                   MESSAGE/VARIABLE                               DATA
   10-02-2024 21:50:53:288:87           Created pipe server2watch                                 -
  10-02-2024 21:50:53:288:190               Created pipe UI2watch                                 -
  10-02-2024 21:50:53:288:254            Created pipe drone2watch                                 -
  10-02-2024 21:50:53:288:316           Created pipe watch2server                                 -
  10-02-2024 21:50:53:288:379               Created pipe watch2UI                                 -
  10-02-2024 21:50:53:288:441            Created pipe watch2drone                                 -
  10-02-2024 21:50:53:288:502              Created pipe UI2server                                 -
  10-02-2024 21:50:53:288:563              Created pipe server2UI                                 -
  10-02-2024 21:50:53:288:623           Created pipe drone2server                                 -
  10-02-2024 21:50:53:288:686           Created pipe server2drone                                 -
  10-02-2024 21:50:53:288:748             Created pipe UI_receive                                 -
  10-02-2024 21:50:53:288:808          Created pipe drone_receive                                 -
  10-02-2024 21:50:53:288:869        Created pipe targets2watchfd                                 -
  10-02-2024 21:50:53:288:930        Created pipe watch2targetsfd                                 -
  10-02-2024 21:50:53:288:992       Created pipe targets2server_1                                 -
   10-02-2024 21:50:53:289:53       Created pipe targets2server_2                                 -
  10-02-2024 21:50:53:289:115         Created pipe server2targets                                 -
  10-02-2024 21:50:53:289:176             Created pipe target_ack                                 -
  10-02-2024 21:50:53:289:239       Created pipe server2UItargetY                                 -
  10-02-2024 21:50:53:289:300       Created pipe server2UItargetX                                 -
  10-02-2024 21:50:53:289:367      Created pipe obstacles2watchfd                                 -
  10-02-2024 21:50:53:289:429      Created pipe watch2obstaclesfd                                 -
  10-02-2024 21:50:53:289:490     Created pipe obstacles2server_1                                 -
  10-02-2024 21:50:53:289:551     Created pipe obstacles2server_2                                 -
  10-02-2024 21:50:53:289:612       Created pipe server2obstacles                                 -
  10-02-2024 21:50:53:289:672          Created pipe obstacles_ack                                 -
  10-02-2024 21:50:53:289:736    Created pipe server2UIobstaclesY                                 -
  10-02-2024 21:50:53:289:797    Created pipe server2UIobstaclesX                                 -
  10-02-2024 21:50:53:289:858 Created pipe server2droneobstaclesY                                 -
  10-02-2024 21:50:53:289:939 Created pipe server2droneobstaclesX                                 -
