                     DATE/TIME                   MESSAGE/VARIABLE                               DATA
    10-02-2024 21:50:54:207:9                       Obstacles PID                              65435
  10-02-2024 21:50:54:207:100                sent pid to watchdog                                 -
  10-02-2024 21:51:00:465:379               received watchdog pid                                 -
  10-02-2024 21:51:00:465:476                        watchdog_pid                              65451
  10-02-2024 21:51:00:465:534                   Completed 1 cycle                                 -
  10-02-2024 21:51:00:465:593                      obstacle_count                                 15
  10-02-2024 21:51:00:566:143                      dronePositionY                                 15
  10-02-2024 21:51:00:566:235                      dronePositionX                                 15
  10-02-2024 21:51:00:666:460                   Completed 1 cycle                                 -
  10-02-2024 21:51:00:766:627                   Completed 1 cycle                                 -
  10-02-2024 21:51:00:866:856                   Completed 1 cycle                                 -
  10-02-2024 21:51:00:967:655                   Completed 1 cycle                                 -
   10-02-2024 21:51:01:68:467                   Completed 1 cycle                                 -
   10-02-2024 21:51:01:169:83                   Completed 1 cycle                                 -
  10-02-2024 21:51:01:269:882                   Completed 1 cycle                                 -
  10-02-2024 21:51:01:370:714                   Completed 1 cycle                                 -
  10-02-2024 21:51:01:470:981                   Completed 1 cycle                                 -
  10-02-2024 21:51:01:571:183                   Completed 1 cycle                                 -
  10-02-2024 21:51:01:671:410                   Completed 1 cycle                                 -
  10-02-2024 21:51:01:771:686                   Completed 1 cycle                                 -
  10-02-2024 21:51:01:869:889                   Completed 1 cycle                                 -
  10-02-2024 21:51:01:970:515                   Completed 1 cycle                                 -
   10-02-2024 21:51:02:71:320                   Completed 1 cycle                                 -
  10-02-2024 21:51:02:171:857                   Completed 1 cycle                                 -
  10-02-2024 21:51:02:272:680                   Completed 1 cycle                                 -
  10-02-2024 21:51:02:373:487                   Completed 1 cycle                                 -
  10-02-2024 21:51:02:373:796                   Completed 1 cycle                                 -
  10-02-2024 21:51:02:474:562                   Completed 1 cycle                                 -
  10-02-2024 21:51:02:575:378                   Completed 1 cycle                                 -
  10-02-2024 21:51:02:675:918                   Completed 1 cycle                                 -
  10-02-2024 21:51:02:776:716                   Completed 1 cycle                                 -
  10-02-2024 21:51:02:877:535                   Completed 1 cycle                                 -
  10-02-2024 21:51:02:877:819                   Completed 1 cycle                                 -
  10-02-2024 21:51:02:978:587                   Completed 1 cycle                                 -
   10-02-2024 21:51:03:79:399                   Completed 1 cycle                                 -
  10-02-2024 21:51:03:180:215                   Completed 1 cycle                                 -
  10-02-2024 21:51:03:280:815                   Completed 1 cycle                                 -
  10-02-2024 21:51:03:381:623                   Completed 1 cycle                                 -
  10-02-2024 21:51:03:381:939                   Completed 1 cycle                                 -
  10-02-2024 21:51:03:482:724                   Completed 1 cycle                                 -
  10-02-2024 21:51:03:583:554                   Completed 1 cycle                                 -
  10-02-2024 21:51:03:684:363                   Completed 1 cycle                                 -
  10-02-2024 21:51:03:785:174                   Completed 1 cycle                                 -
   10-02-2024 21:51:03:886:12                   Completed 1 cycle                                 -
  10-02-2024 21:51:03:886:321                   Completed 1 cycle                                 -
   10-02-2024 21:51:03:987:66                   Completed 1 cycle                                 -
   10-02-2024 21:51:04:87:877                   Completed 1 cycle                                 -
  10-02-2024 21:51:04:188:688                   Completed 1 cycle                                 -
  10-02-2024 21:51:04:289:505                   Completed 1 cycle                                 -
  10-02-2024 21:51:04:390:310                   Completed 1 cycle                                 -
  10-02-2024 21:51:04:390:636                   Completed 1 cycle                                 -
  10-02-2024 21:51:04:491:348                   Completed 1 cycle                                 -
  10-02-2024 21:51:04:592:161                   Completed 1 cycle                                 -
  10-02-2024 21:51:04:692:962                   Completed 1 cycle                                 -
  10-02-2024 21:51:04:793:778                   Completed 1 cycle                                 -
   10-02-2024 21:51:04:894:86                   Completed 1 cycle                                 -
  10-02-2024 21:51:04:897:492                   Completed 1 cycle                                 -
  10-02-2024 21:51:04:998:188                   Completed 1 cycle                                 -
     10-02-2024 21:51:05:99:2                   Completed 1 cycle                                 -
  10-02-2024 21:51:05:199:815                   Completed 1 cycle                                 -
  10-02-2024 21:51:05:300:393                   Completed 1 cycle                                 -
  10-02-2024 21:51:05:401:194                   Completed 1 cycle                                 -
  10-02-2024 21:51:05:401:508                   Completed 1 cycle                                 -
  10-02-2024 21:51:05:502:210                   Completed 1 cycle                                 -
   10-02-2024 21:51:05:603:27                   Completed 1 cycle                                 -
  10-02-2024 21:51:05:703:845                   Completed 1 cycle                                 -
  10-02-2024 21:51:05:804:657                   Completed 1 cycle                                 -
  10-02-2024 21:51:05:905:222                   Completed 1 cycle                                 -
  10-02-2024 21:51:05:905:527                   Completed 1 cycle                                 -
    10-02-2024 21:51:06:6:235                   Completed 1 cycle                                 -
   10-02-2024 21:51:06:107:43                   Completed 1 cycle                                 -
  10-02-2024 21:51:06:207:863                   Completed 1 cycle                                 -
  10-02-2024 21:51:06:308:689                   Completed 1 cycle                                 -
  10-02-2024 21:51:06:409:501                   Completed 1 cycle                                 -
  10-02-2024 21:51:06:409:745                   Completed 1 cycle                                 -
  10-02-2024 21:51:06:510:524                   Completed 1 cycle                                 -
  10-02-2024 21:51:06:610:802                   Completed 1 cycle                                 -
  10-02-2024 21:51:06:711:585                   Completed 1 cycle                                 -
  10-02-2024 21:51:06:812:401                   Completed 1 cycle                                 -
  10-02-2024 21:51:06:912:880                   Completed 1 cycle                                 -
  10-02-2024 21:51:06:913:247                   Completed 1 cycle                                 -
   10-02-2024 21:51:07:13:972                   Completed 1 cycle                                 -
  10-02-2024 21:51:07:114:780                   Completed 1 cycle                                 -
  10-02-2024 21:51:07:215:342                   Completed 1 cycle                                 -
  10-02-2024 21:51:07:316:169                   Completed 1 cycle                                 -
  10-02-2024 21:51:07:416:760                   Completed 1 cycle                                 -
   10-02-2024 21:51:07:417:40                   Completed 1 cycle                                 -
  10-02-2024 21:51:07:517:294                   Completed 1 cycle                                 -
  10-02-2024 21:51:07:617:569                   Completed 1 cycle                                 -
  10-02-2024 21:51:07:718:366                   Completed 1 cycle                                 -
  10-02-2024 21:51:07:819:165                   Completed 1 cycle                                 -
  10-02-2024 21:51:07:919:454                   Completed 1 cycle                                 -
   10-02-2024 21:51:07:920:24                   Completed 1 cycle                                 -
   10-02-2024 21:51:08:20:725                   Completed 1 cycle                                 -
  10-02-2024 21:51:08:121:442                   Completed 1 cycle                                 -
  10-02-2024 21:51:08:222:253                   Completed 1 cycle                                 -
   10-02-2024 21:51:08:323:65                   Completed 1 cycle                                 -
  10-02-2024 21:51:08:423:564                   Completed 1 cycle                                 -
  10-02-2024 21:51:08:423:882                   Completed 1 cycle                                 -
  10-02-2024 21:51:08:524:584                   Completed 1 cycle                                 -
  10-02-2024 21:51:08:624:859                   Completed 1 cycle                                 -
  10-02-2024 21:51:08:725:657                   Completed 1 cycle                                 -
  10-02-2024 21:51:08:826:459                   Completed 1 cycle                                 -
  10-02-2024 21:51:08:926:971                   Completed 1 cycle                                 -
  10-02-2024 21:51:08:927:263                   Completed 1 cycle                                 -
   10-02-2024 21:51:09:27:964                   Completed 1 cycle                                 -
  10-02-2024 21:51:09:128:769                   Completed 1 cycle                                 -
  10-02-2024 21:51:09:229:575                   Completed 1 cycle                                 -
  10-02-2024 21:51:09:229:694                      obstacle_count                                 15
  10-02-2024 21:51:09:230:251                      dronePositionY                                 15
  10-02-2024 21:51:09:230:342                      dronePositionX                                 15
  10-02-2024 21:51:09:330:579                   Completed 1 cycle                                 -
  10-02-2024 21:51:09:430:839                   Completed 1 cycle                                 -
  10-02-2024 21:51:09:431:429                   Completed 1 cycle                                 -
  10-02-2024 21:51:09:532:128                   Completed 1 cycle                                 -
  10-02-2024 21:51:09:632:842                   Completed 1 cycle                                 -
  10-02-2024 21:51:09:733:650                   Completed 1 cycle                                 -
  10-02-2024 21:51:09:834:465                   Completed 1 cycle                                 -
  10-02-2024 21:51:09:934:770                   Completed 1 cycle                                 -
  10-02-2024 21:51:09:935:247                   Completed 1 cycle                                 -
   10-02-2024 21:51:10:35:935                   Completed 1 cycle                                 -
  10-02-2024 21:51:10:136:232                   Completed 1 cycle                                 -
   10-02-2024 21:51:10:237:66                   Completed 1 cycle                                 -
  10-02-2024 21:51:10:337:775                   Completed 1 cycle                                 -
  10-02-2024 21:51:10:438:567                   Completed 1 cycle                                 -
  10-02-2024 21:51:10:438:880                   Completed 1 cycle                                 -
  10-02-2024 21:51:10:539:578                   Completed 1 cycle                                 -
  10-02-2024 21:51:10:639:874                   Completed 1 cycle                                 -
  10-02-2024 21:51:10:740:677                   Completed 1 cycle                                 -
  10-02-2024 21:51:10:841:483                   Completed 1 cycle                                 -
  10-02-2024 21:51:10:942:194                   Completed 1 cycle                                 -
  10-02-2024 21:51:10:942:495                   Completed 1 cycle                                 -
   10-02-2024 21:51:11:43:205                   Completed 1 cycle                                 -
   10-02-2024 21:51:11:144:16                   Completed 1 cycle                                 -
  10-02-2024 21:51:11:244:828                   Completed 1 cycle                                 -
  10-02-2024 21:51:11:345:544                   Completed 1 cycle                                 -
  10-02-2024 21:51:11:446:359                   Completed 1 cycle                                 -
  10-02-2024 21:51:11:446:666                   Completed 1 cycle                                 -
  10-02-2024 21:51:11:547:381                   Completed 1 cycle                                 -
  10-02-2024 21:51:11:648:193                   Completed 1 cycle                                 -
    10-02-2024 21:51:11:749:2                   Completed 1 cycle                                 -
  10-02-2024 21:51:11:849:815                   Completed 1 cycle                                 -
  10-02-2024 21:51:11:950:584                   Completed 1 cycle                                 -
  10-02-2024 21:51:11:950:880                   Completed 1 cycle                                 -
   10-02-2024 21:51:12:51:582                   Completed 1 cycle                                 -
  10-02-2024 21:51:12:152:379                   Completed 1 cycle                                 -
  10-02-2024 21:51:12:253:151                   Completed 1 cycle                                 -
  10-02-2024 21:51:12:353:992                   Completed 1 cycle                                 -
  10-02-2024 21:51:12:454:484                   Completed 1 cycle                                 -
  10-02-2024 21:51:12:454:874                   Completed 1 cycle                                 -
  10-02-2024 21:51:12:555:570                   Completed 1 cycle                                 -
  10-02-2024 21:51:12:656:112                   Completed 1 cycle                                 -
  10-02-2024 21:51:12:756:912                   Completed 1 cycle                                 -
  10-02-2024 21:51:12:857:718                   Completed 1 cycle                                 -
  10-02-2024 21:51:12:958:535                   Completed 1 cycle                                 -
  10-02-2024 21:51:12:958:838                   Completed 1 cycle                                 -
   10-02-2024 21:51:13:59:548                   Completed 1 cycle                                 -
  10-02-2024 21:51:13:160:373                   Completed 1 cycle                                 -
  10-02-2024 21:51:13:261:193                   Completed 1 cycle                                 -
    10-02-2024 21:51:13:362:3                   Completed 1 cycle                                 -
  10-02-2024 21:51:13:462:815                   Completed 1 cycle                                 -
  10-02-2024 21:51:13:463:117                   Completed 1 cycle                                 -
  10-02-2024 21:51:13:563:368                   Completed 1 cycle                                 -
  10-02-2024 21:51:13:663:860                   Completed 1 cycle                                 -
  10-02-2024 21:51:13:764:659                   Completed 1 cycle                                 -
  10-02-2024 21:51:13:865:462                   Completed 1 cycle                                 -
  10-02-2024 21:51:13:966:280                   Completed 1 cycle                                 -
  10-02-2024 21:51:13:966:614                   Completed 1 cycle                                 -
   10-02-2024 21:51:14:66:856                   Completed 1 cycle                                 -
  10-02-2024 21:51:14:167:338                   Completed 1 cycle                                 -
  10-02-2024 21:51:14:268:147                   Completed 1 cycle                                 -
  10-02-2024 21:51:14:368:953                   Completed 1 cycle                                 -
  10-02-2024 21:51:14:469:676                   Completed 1 cycle                                 -
  10-02-2024 21:51:14:469:953                   Completed 1 cycle                                 -
  10-02-2024 21:51:14:570:741                   Completed 1 cycle                                 -
   10-02-2024 21:51:14:671:28                   Completed 1 cycle                                 -
  10-02-2024 21:51:14:771:840                   Completed 1 cycle                                 -
  10-02-2024 21:51:14:872:639                   Completed 1 cycle                                 -
  10-02-2024 21:51:14:973:441                   Completed 1 cycle                                 -
  10-02-2024 21:51:14:983:330                   Completed 1 cycle                                 -
    10-02-2024 21:51:15:84:27                   Completed 1 cycle                                 -
  10-02-2024 21:51:15:184:749                   Completed 1 cycle                                 -
  10-02-2024 21:51:15:285:562                   Completed 1 cycle                                 -
  10-02-2024 21:51:15:386:372                   Completed 1 cycle                                 -
  10-02-2024 21:51:15:487:182                   Completed 1 cycle                                 -
  10-02-2024 21:51:15:487:485                   Completed 1 cycle                                 -
  10-02-2024 21:51:15:588:189                   Completed 1 cycle                                 -
  10-02-2024 21:51:15:688:781                   Completed 1 cycle                                 -
  10-02-2024 21:51:15:789:611                   Completed 1 cycle                                 -
  10-02-2024 21:51:15:890:424                   Completed 1 cycle                                 -
  10-02-2024 21:51:15:991:242                   Completed 1 cycle                                 -
  10-02-2024 21:51:15:991:519                   Completed 1 cycle                                 -
   10-02-2024 21:51:16:92:223                   Completed 1 cycle                                 -
   10-02-2024 21:51:16:193:42                   Completed 1 cycle                                 -
  10-02-2024 21:51:16:293:851                   Completed 1 cycle                                 -
  10-02-2024 21:51:16:394:686                   Completed 1 cycle                                 -
  10-02-2024 21:51:16:495:498                   Completed 1 cycle                                 -
  10-02-2024 21:51:16:495:780                   Completed 1 cycle                                 -
  10-02-2024 21:51:16:596:494                   Completed 1 cycle                                 -
  10-02-2024 21:51:16:697:308                   Completed 1 cycle                                 -
  10-02-2024 21:51:16:798:129                   Completed 1 cycle                                 -
  10-02-2024 21:51:16:898:938                   Completed 1 cycle                                 -
  10-02-2024 21:51:16:999:755                   Completed 1 cycle                                 -
     10-02-2024 21:51:17:0:34                   Completed 1 cycle                                 -
  10-02-2024 21:51:17:100:745                   Completed 1 cycle                                 -
  10-02-2024 21:51:17:201:560                   Completed 1 cycle                                 -
  10-02-2024 21:51:17:302:381                   Completed 1 cycle                                 -
  10-02-2024 21:51:17:403:188                   Completed 1 cycle                                 -
    10-02-2024 21:51:17:504:2                   Completed 1 cycle                                 -
  10-02-2024 21:51:17:504:284                   Completed 1 cycle                                 -
  10-02-2024 21:51:17:604:986                   Completed 1 cycle                                 -
   10-02-2024 21:51:17:605:94                      obstacle_count                                 15
  10-02-2024 21:51:17:605:580                      dronePositionY                                 15
  10-02-2024 21:51:17:605:661                      dronePositionX                                 15
   10-02-2024 21:51:17:706:88                   Completed 1 cycle                                 -
  10-02-2024 21:51:17:806:899                   Completed 1 cycle                                 -
  10-02-2024 21:51:17:907:718                   Completed 1 cycle                                 -
    10-02-2024 21:51:18:8:278                   Completed 1 cycle                                 -
    10-02-2024 21:51:18:8:556                   Completed 1 cycle                                 -
  10-02-2024 21:51:18:109:256                   Completed 1 cycle                                 -
   10-02-2024 21:51:18:210:74                   Completed 1 cycle                                 -
  10-02-2024 21:51:18:310:878                   Completed 1 cycle                                 -
  10-02-2024 21:51:18:411:685                   Completed 1 cycle                                 -
  10-02-2024 21:51:18:512:241                   Completed 1 cycle                                 -
  10-02-2024 21:51:18:512:547                   Completed 1 cycle                                 -
  10-02-2024 21:51:18:612:971                   Completed 1 cycle                                 -
  10-02-2024 21:51:18:713:772                   Completed 1 cycle                                 -
  10-02-2024 21:51:18:814:608                   Completed 1 cycle                                 -
   10-02-2024 21:51:18:915:21                   Completed 1 cycle                                 -
   10-02-2024 21:51:19:15:839                   Completed 1 cycle                                 -
   10-02-2024 21:51:19:16:170                   Completed 1 cycle                                 -
  10-02-2024 21:51:19:116:880                   Completed 1 cycle                                 -
  10-02-2024 21:51:19:217:694                   Completed 1 cycle                                 -
  10-02-2024 21:51:19:318:531                   Completed 1 cycle                                 -
  10-02-2024 21:51:19:418:890                   Completed 1 cycle                                 -
  10-02-2024 21:51:19:519:164                   Completed 1 cycle                                 -
  10-02-2024 21:51:19:519:717                   Completed 1 cycle                                 -
  10-02-2024 21:51:19:620:178                   Completed 1 cycle                                 -
  10-02-2024 21:51:19:720:984                   Completed 1 cycle                                 -
  10-02-2024 21:51:19:821:800                   Completed 1 cycle                                 -
  10-02-2024 21:51:19:922:490                   Completed 1 cycle                                 -
   10-02-2024 21:51:20:23:312                   Completed 1 cycle                                 -
   10-02-2024 21:51:20:23:587                   Completed 1 cycle                                 -
  10-02-2024 21:51:20:124:289                   Completed 1 cycle                                 -
  10-02-2024 21:51:20:224:804                   Completed 1 cycle                                 -
  10-02-2024 21:51:20:325:594                   Completed 1 cycle                                 -
  10-02-2024 21:51:20:426:310                   Completed 1 cycle                                 -
  10-02-2024 21:51:20:527:125                   Completed 1 cycle                                 -
  10-02-2024 21:51:20:527:402                   Completed 1 cycle                                 -
  10-02-2024 21:51:20:627:846                   Completed 1 cycle                                 -
  10-02-2024 21:51:20:728:660                   Completed 1 cycle                                 -
  10-02-2024 21:51:20:829:476                   Completed 1 cycle                                 -
  10-02-2024 21:51:20:930:283                   Completed 1 cycle                                 -
    10-02-2024 21:51:21:31:86                   Completed 1 cycle                                 -
   10-02-2024 21:51:21:31:388                   Completed 1 cycle                                 -
  10-02-2024 21:51:21:132:104                   Completed 1 cycle                                 -
  10-02-2024 21:51:21:232:905                   Completed 1 cycle                                 -
  10-02-2024 21:51:21:333:708                   Completed 1 cycle                                 -
  10-02-2024 21:51:21:434:513                   Completed 1 cycle                                 -
  10-02-2024 21:51:21:535:321                   Completed 1 cycle                                 -
  10-02-2024 21:51:21:535:624                   Completed 1 cycle                                 -
   10-02-2024 21:51:21:636:62                   Completed 1 cycle                                 -
  10-02-2024 21:51:21:736:863                   Completed 1 cycle                                 -
  10-02-2024 21:51:21:837:684                   Completed 1 cycle                                 -
  10-02-2024 21:51:21:938:485                   Completed 1 cycle                                 -
   10-02-2024 21:51:22:38:777                   Completed 1 cycle                                 -
   10-02-2024 21:51:22:39:295                   Completed 1 cycle                                 -
  10-02-2024 21:51:22:139:997                   Completed 1 cycle                                 -
  10-02-2024 21:51:22:240:809                   Completed 1 cycle                                 -
  10-02-2024 21:51:22:341:619                   Completed 1 cycle                                 -
  10-02-2024 21:51:22:442:423                   Completed 1 cycle                                 -
  10-02-2024 21:51:22:543:230                   Completed 1 cycle                                 -
  10-02-2024 21:51:22:543:506                   Completed 1 cycle                                 -
  10-02-2024 21:51:22:644:216                   Completed 1 cycle                                 -
   10-02-2024 21:51:22:745:10                   Completed 1 cycle                                 -
  10-02-2024 21:51:22:845:818                   Completed 1 cycle                                 -
  10-02-2024 21:51:22:946:624                   Completed 1 cycle                                 -
   10-02-2024 21:51:23:47:436                   Completed 1 cycle                                 -
   10-02-2024 21:51:23:47:736                   Completed 1 cycle                                 -
  10-02-2024 21:51:23:148:442                   Completed 1 cycle                                 -
  10-02-2024 21:51:23:249:249                   Completed 1 cycle                                 -
   10-02-2024 21:51:23:350:60                   Completed 1 cycle                                 -
  10-02-2024 21:51:23:450:860                   Completed 1 cycle                                 -
  10-02-2024 21:51:23:551:664                   Completed 1 cycle                                 -
  10-02-2024 21:51:23:551:964                   Completed 1 cycle                                 -
  10-02-2024 21:51:23:652:663                   Completed 1 cycle                                 -
  10-02-2024 21:51:23:753:300                   Completed 1 cycle                                 -
  10-02-2024 21:51:23:853:960                   Completed 1 cycle                                 -
  10-02-2024 21:51:23:954:767                   Completed 1 cycle                                 -
    10-02-2024 21:51:24:55:63                   Completed 1 cycle                                 -
   10-02-2024 21:51:24:55:591                   Completed 1 cycle                                 -
  10-02-2024 21:51:24:156:299                   Completed 1 cycle                                 -
  10-02-2024 21:51:24:257:125                   Completed 1 cycle                                 -
  10-02-2024 21:51:24:357:957                   Completed 1 cycle                                 -
  10-02-2024 21:51:24:458:504                   Completed 1 cycle                                 -
  10-02-2024 21:51:24:559:292                   Completed 1 cycle                                 -
  10-02-2024 21:51:24:559:603                   Completed 1 cycle                                 -
  10-02-2024 21:51:24:660:309                   Completed 1 cycle                                 -
  10-02-2024 21:51:24:761:117                   Completed 1 cycle                                 -
  10-02-2024 21:51:24:861:966                   Completed 1 cycle                                 -
  10-02-2024 21:51:24:962:778                   Completed 1 cycle                                 -
   10-02-2024 21:51:25:63:584                   Completed 1 cycle                                 -
   10-02-2024 21:51:25:66:723                   Completed 1 cycle                                 -
  10-02-2024 21:51:25:166:981                   Completed 1 cycle                                 -
  10-02-2024 21:51:25:267:782                   Completed 1 cycle                                 -
  10-02-2024 21:51:25:368:366                   Completed 1 cycle                                 -
  10-02-2024 21:51:25:469:192                   Completed 1 cycle                                 -
    10-02-2024 21:51:25:570:9                   Completed 1 cycle                                 -
  10-02-2024 21:51:25:570:338                   Completed 1 cycle                                 -
  10-02-2024 21:51:25:670:584                   Completed 1 cycle                                 -
  10-02-2024 21:51:25:771:404                   Completed 1 cycle                                 -
  10-02-2024 21:51:25:872:217                   Completed 1 cycle                                 -
   10-02-2024 21:51:25:973:28                   Completed 1 cycle                                 -
   10-02-2024 21:51:26:73:749                   Completed 1 cycle                                 -
   10-02-2024 21:51:26:73:869                      obstacle_count                                 15
   10-02-2024 21:51:26:74:166                      dronePositionY                                 15
   10-02-2024 21:51:26:74:261                      dronePositionX                                 15
  10-02-2024 21:51:26:174:490                   Completed 1 cycle                                 -
  10-02-2024 21:51:26:274:788                   Completed 1 cycle                                 -
  10-02-2024 21:51:26:375:262                   Completed 1 cycle                                 -
   10-02-2024 21:51:26:476:62                   Completed 1 cycle                                 -
  10-02-2024 21:51:26:576:865                   Completed 1 cycle                                 -
  10-02-2024 21:51:26:577:286                   Completed 1 cycle                                 -
  10-02-2024 21:51:26:677:832                   Completed 1 cycle                                 -
  10-02-2024 21:51:26:778:668                   Completed 1 cycle                                 -
  10-02-2024 21:51:26:879:483                   Completed 1 cycle                                 -
  10-02-2024 21:51:26:980:301                   Completed 1 cycle                                 -
   10-02-2024 21:51:27:81:140                   Completed 1 cycle                                 -
   10-02-2024 21:51:27:81:470                   Completed 1 cycle                                 -
  10-02-2024 21:51:27:182:148                   Completed 1 cycle                                 -
  10-02-2024 21:51:27:282:478                   Completed 1 cycle                                 -
  10-02-2024 21:51:27:383:291                   Completed 1 cycle                                 -
   10-02-2024 21:51:27:484:97                   Completed 1 cycle                                 -
  10-02-2024 21:51:27:584:905                   Completed 1 cycle                                 -
  10-02-2024 21:51:27:585:233                   Completed 1 cycle                                 -
  10-02-2024 21:51:27:685:883                   Completed 1 cycle                                 -
  10-02-2024 21:51:27:786:729                   Completed 1 cycle                                 -
  10-02-2024 21:51:27:887:540                   Completed 1 cycle                                 -
  10-02-2024 21:51:27:987:819                   Completed 1 cycle                                 -
   10-02-2024 21:51:28:88:605                   Completed 1 cycle                                 -
   10-02-2024 21:51:28:89:119                   Completed 1 cycle                                 -
  10-02-2024 21:51:28:189:718                   Completed 1 cycle                                 -
  10-02-2024 21:51:28:290:533                   Completed 1 cycle                                 -
  10-02-2024 21:51:28:391:350                   Completed 1 cycle                                 -
  10-02-2024 21:51:28:492:180                   Completed 1 cycle                                 -
  10-02-2024 21:51:28:592:989                   Completed 1 cycle                                 -
  10-02-2024 21:51:28:593:322                   Completed 1 cycle                                 -
   10-02-2024 21:51:28:694:60                   Completed 1 cycle                                 -
  10-02-2024 21:51:28:794:875                   Completed 1 cycle                                 -
  10-02-2024 21:51:28:895:689                   Completed 1 cycle                                 -
  10-02-2024 21:51:28:996:499                   Completed 1 cycle                                 -
   10-02-2024 21:51:29:97:188                   Completed 1 cycle                                 -
   10-02-2024 21:51:29:97:563                   Completed 1 cycle                                 -
  10-02-2024 21:51:29:198:327                   Completed 1 cycle                                 -
  10-02-2024 21:51:29:298:632                   Completed 1 cycle                                 -
  10-02-2024 21:51:29:399:443                   Completed 1 cycle                                 -
  10-02-2024 21:51:29:500:247                   Completed 1 cycle                                 -
   10-02-2024 21:51:29:601:42                   Completed 1 cycle                                 -
  10-02-2024 21:51:29:601:386                   Completed 1 cycle                                 -
  10-02-2024 21:51:29:701:636                   Completed 1 cycle                                 -
  10-02-2024 21:51:29:802:419                   Completed 1 cycle                                 -
  10-02-2024 21:51:29:903:224                   Completed 1 cycle                                 -
     10-02-2024 21:51:30:4:27                   Completed 1 cycle                                 -
  10-02-2024 21:51:30:104:818                   Completed 1 cycle                                 -
  10-02-2024 21:51:30:108:441                   Completed 1 cycle                                 -
  10-02-2024 21:51:30:209:165                   Completed 1 cycle                                 -
   10-02-2024 21:51:30:310:11                   Completed 1 cycle                                 -
  10-02-2024 21:51:30:410:830                   Completed 1 cycle                                 -
  10-02-2024 21:51:30:511:141                   Completed 1 cycle                                 -
  10-02-2024 21:51:30:611:943                   Completed 1 cycle                                 -
  10-02-2024 21:51:30:612:485                   Completed 1 cycle                                 -
  10-02-2024 21:51:30:712:800                   Completed 1 cycle                                 -
  10-02-2024 21:51:30:813:514                   Completed 1 cycle                                 -
  10-02-2024 21:51:30:914:108                   Completed 1 cycle                                 -
   10-02-2024 21:51:31:14:930                   Completed 1 cycle                                 -
  10-02-2024 21:51:31:115:749                   Completed 1 cycle                                 -
  10-02-2024 21:51:31:116:112                   Completed 1 cycle                                 -
  10-02-2024 21:51:31:216:853                   Completed 1 cycle                                 -
  10-02-2024 21:51:31:317:565                   Completed 1 cycle                                 -
  10-02-2024 21:51:31:418:295                   Completed 1 cycle                                 -
  10-02-2024 21:51:31:518:711                   Completed 1 cycle                                 -
  10-02-2024 21:51:31:619:403                   Completed 1 cycle                                 -
    10-02-2024 21:51:31:620:0                   Completed 1 cycle                                 -
  10-02-2024 21:51:31:720:505                   Completed 1 cycle                                 -
  10-02-2024 21:51:31:821:314                   Completed 1 cycle                                 -
   10-02-2024 21:51:31:922:42                   Completed 1 cycle                                 -
   10-02-2024 21:51:32:22:849                   Completed 1 cycle                                 -
  10-02-2024 21:51:32:123:660                   Completed 1 cycle                                 -
   10-02-2024 21:51:32:124:24                   Completed 1 cycle                                 -
  10-02-2024 21:51:32:224:788                   Completed 1 cycle                                 -
  10-02-2024 21:51:32:325:601                   Completed 1 cycle                                 -
  10-02-2024 21:51:32:426:320                   Completed 1 cycle                                 -
  10-02-2024 21:51:32:527:130                   Completed 1 cycle                                 -
  10-02-2024 21:51:32:627:729                   Completed 1 cycle                                 -
  10-02-2024 21:51:32:628:137                   Completed 1 cycle                                 -
  10-02-2024 21:51:32:728:799                   Completed 1 cycle                                 -
  10-02-2024 21:51:32:829:610                   Completed 1 cycle                                 -
  10-02-2024 21:51:32:930:418                   Completed 1 cycle                                 -
   10-02-2024 21:51:33:31:235                   Completed 1 cycle                                 -
   10-02-2024 21:51:33:132:67                   Completed 1 cycle                                 -
  10-02-2024 21:51:33:132:406                   Completed 1 cycle                                 -
   10-02-2024 21:51:33:233:13                   Completed 1 cycle                                 -
  10-02-2024 21:51:33:333:773                   Completed 1 cycle                                 -
  10-02-2024 21:51:33:345:976                   Received SIGTERM
                                 -
   10-02-2024 21:51:33:346:22                   Completed 1 cycle                                 -
   10-02-2024 21:51:33:346:57             closing links and pipes                                 -
   10-02-2024 21:51:33:346:81      Closed obstacles2server1_write                                 -
  10-02-2024 21:51:33:346:103       Closed obsacles2server2_write                                 -
  10-02-2024 21:51:33:346:126        Closed server2obstacles_read                                 -
  10-02-2024 21:51:33:346:157                 Closed obstacle_ack                                 -
  10-02-2024 21:51:33:346:178                     Killing process                                 -
