                     DATE/TIME                   MESSAGE/VARIABLE                               DATA
  10-02-2024 21:51:00:464:749                          server pid                              65417
  10-02-2024 21:51:00:464:902                              UI pid                              65429
    10-02-2024 21:51:00:465:0                           drone pid                              65401
   10-02-2024 21:51:00:465:73                         targets pid                              65385
  10-02-2024 21:51:00:465:145                       obstacles pid                              65435
  10-02-2024 21:51:00:465:272                        watchdog pid                              65451
  10-02-2024 21:51:00:465:347      sent watchdog pid to processes                                 -
  10-02-2024 21:51:01:466:110                         current pid                              65417
  10-02-2024 21:51:01:466:245               sent SIGUSR1 to 65417                                 -
  10-02-2024 21:51:01:567:148        received response from 65417                                 -
  10-02-2024 21:51:01:567:274                         current pid                              65429
  10-02-2024 21:51:01:567:388               sent SIGUSR1 to 65429                                 -
  10-02-2024 21:51:01:667:934        received response from 65429                                 -
   10-02-2024 21:51:01:668:47                         current pid                              65401
  10-02-2024 21:51:01:668:148               sent SIGUSR1 to 65401                                 -
  10-02-2024 21:51:01:768:973        received response from 65401                                 -
   10-02-2024 21:51:01:769:92                         current pid                              65385
  10-02-2024 21:51:01:769:205               sent SIGUSR1 to 65385                                 -
  10-02-2024 21:51:01:869:568        received response from 65385                                 -
  10-02-2024 21:51:01:869:675                         current pid                              65435
  10-02-2024 21:51:01:869:768               sent SIGUSR1 to 65435                                 -
  10-02-2024 21:51:01:970:515        received response from 65435                                 -
  10-02-2024 21:51:01:970:632                         current pid                              65417
  10-02-2024 21:51:01:970:751               sent SIGUSR1 to 65417                                 -
   10-02-2024 21:51:02:71:320        received response from 65417                                 -
   10-02-2024 21:51:02:71:448                         current pid                              65429
   10-02-2024 21:51:02:71:558               sent SIGUSR1 to 65429                                 -
  10-02-2024 21:51:02:171:966        received response from 65429                                 -
   10-02-2024 21:51:02:172:86                         current pid                              65401
  10-02-2024 21:51:02:172:191               sent SIGUSR1 to 65401                                 -
  10-02-2024 21:51:02:272:680        received response from 65401                                 -
  10-02-2024 21:51:02:272:797                         current pid                              65385
  10-02-2024 21:51:02:272:912               sent SIGUSR1 to 65385                                 -
  10-02-2024 21:51:02:373:487        received response from 65385                                 -
  10-02-2024 21:51:02:373:614                         current pid                              65435
  10-02-2024 21:51:02:373:722               sent SIGUSR1 to 65435                                 -
  10-02-2024 21:51:02:474:562        received response from 65435                                 -
  10-02-2024 21:51:02:474:689                         current pid                              65417
  10-02-2024 21:51:02:474:817               sent SIGUSR1 to 65417                                 -
  10-02-2024 21:51:02:575:378        received response from 65417                                 -
  10-02-2024 21:51:02:575:551                         current pid                              65429
  10-02-2024 21:51:02:575:662               sent SIGUSR1 to 65429                                 -
   10-02-2024 21:51:02:676:80        received response from 65429                                 -
  10-02-2024 21:51:02:676:200                         current pid                              65401
  10-02-2024 21:51:02:676:305               sent SIGUSR1 to 65401                                 -
  10-02-2024 21:51:02:776:716        received response from 65401                                 -
  10-02-2024 21:51:02:776:835                         current pid                              65385
  10-02-2024 21:51:02:776:949               sent SIGUSR1 to 65385                                 -
  10-02-2024 21:51:02:877:535        received response from 65385                                 -
  10-02-2024 21:51:02:877:650                         current pid                              65435
  10-02-2024 21:51:02:877:748               sent SIGUSR1 to 65435                                 -
  10-02-2024 21:51:02:978:587        received response from 65435                                 -
  10-02-2024 21:51:02:978:712                         current pid                              65417
  10-02-2024 21:51:02:978:839               sent SIGUSR1 to 65417                                 -
   10-02-2024 21:51:03:79:399        received response from 65417                                 -
   10-02-2024 21:51:03:79:525                         current pid                              65429
   10-02-2024 21:51:03:79:637               sent SIGUSR1 to 65429                                 -
  10-02-2024 21:51:03:180:215        received response from 65429                                 -
  10-02-2024 21:51:03:180:339                         current pid                              65401
  10-02-2024 21:51:03:180:447               sent SIGUSR1 to 65401                                 -
  10-02-2024 21:51:03:280:815        received response from 65401                                 -
  10-02-2024 21:51:03:280:942                         current pid                              65385
   10-02-2024 21:51:03:281:67               sent SIGUSR1 to 65385                                 -
  10-02-2024 21:51:03:381:623        received response from 65385                                 -
  10-02-2024 21:51:03:381:747                         current pid                              65435
  10-02-2024 21:51:03:381:875               sent SIGUSR1 to 65435                                 -
  10-02-2024 21:51:03:482:724        received response from 65435                                 -
  10-02-2024 21:51:03:482:840                         current pid                              65417
  10-02-2024 21:51:03:482:956               sent SIGUSR1 to 65417                                 -
  10-02-2024 21:51:03:583:554        received response from 65417                                 -
  10-02-2024 21:51:03:583:680                         current pid                              65429
  10-02-2024 21:51:03:583:792               sent SIGUSR1 to 65429                                 -
  10-02-2024 21:51:03:684:363        received response from 65429                                 -
  10-02-2024 21:51:03:684:489                         current pid                              65401
  10-02-2024 21:51:03:684:597               sent SIGUSR1 to 65401                                 -
  10-02-2024 21:51:03:785:175        received response from 65401                                 -
  10-02-2024 21:51:03:785:290                         current pid                              65385
  10-02-2024 21:51:03:785:406               sent SIGUSR1 to 65385                                 -
   10-02-2024 21:51:03:886:12        received response from 65385                                 -
  10-02-2024 21:51:03:886:128                         current pid                              65435
  10-02-2024 21:51:03:886:231               sent SIGUSR1 to 65435                                 -
   10-02-2024 21:51:03:987:66        received response from 65435                                 -
  10-02-2024 21:51:03:987:191                         current pid                              65417
  10-02-2024 21:51:03:987:317               sent SIGUSR1 to 65417                                 -
   10-02-2024 21:51:04:87:877        received response from 65417                                 -
     10-02-2024 21:51:04:88:1                         current pid                              65429
   10-02-2024 21:51:04:88:112               sent SIGUSR1 to 65429                                 -
  10-02-2024 21:51:04:188:688        received response from 65429                                 -
  10-02-2024 21:51:04:188:817                         current pid                              65401
  10-02-2024 21:51:04:188:927               sent SIGUSR1 to 65401                                 -
  10-02-2024 21:51:04:289:505        received response from 65401                                 -
  10-02-2024 21:51:04:289:622                         current pid                              65385
  10-02-2024 21:51:04:289:739               sent SIGUSR1 to 65385                                 -
  10-02-2024 21:51:04:390:310        received response from 65385                                 -
  10-02-2024 21:51:04:390:425                         current pid                              65435
  10-02-2024 21:51:04:390:524               sent SIGUSR1 to 65435                                 -
  10-02-2024 21:51:04:491:348        received response from 65435                                 -
  10-02-2024 21:51:04:491:476                         current pid                              65417
  10-02-2024 21:51:04:491:603               sent SIGUSR1 to 65417                                 -
  10-02-2024 21:51:04:592:161        received response from 65417                                 -
  10-02-2024 21:51:04:592:276                         current pid                              65429
  10-02-2024 21:51:04:592:376               sent SIGUSR1 to 65429                                 -
  10-02-2024 21:51:04:692:962        received response from 65429                                 -
   10-02-2024 21:51:04:693:86                         current pid                              65401
  10-02-2024 21:51:04:693:196               sent SIGUSR1 to 65401                                 -
  10-02-2024 21:51:04:793:778        received response from 65401                                 -
  10-02-2024 21:51:04:793:938                         current pid                              65385
  10-02-2024 21:51:04:796:833               sent SIGUSR1 to 65385                                 -
  10-02-2024 21:51:04:897:215        received response from 65385                                 -
  10-02-2024 21:51:04:897:306                         current pid                              65435
  10-02-2024 21:51:04:897:378               sent SIGUSR1 to 65435                                 -
  10-02-2024 21:51:04:998:188        received response from 65435                                 -
  10-02-2024 21:51:04:998:301                         current pid                              65417
  10-02-2024 21:51:04:998:383               sent SIGUSR1 to 65417                                 -
     10-02-2024 21:51:05:99:2        received response from 65417                                 -
   10-02-2024 21:51:05:99:113                         current pid                              65429
   10-02-2024 21:51:05:99:197               sent SIGUSR1 to 65429                                 -
  10-02-2024 21:51:05:199:815        received response from 65429                                 -
  10-02-2024 21:51:05:199:927                         current pid                              65401
   10-02-2024 21:51:05:200:14               sent SIGUSR1 to 65401                                 -
  10-02-2024 21:51:05:300:393        received response from 65401                                 -
  10-02-2024 21:51:05:300:496                         current pid                              65385
  10-02-2024 21:51:05:300:599               sent SIGUSR1 to 65385                                 -
  10-02-2024 21:51:05:401:194        received response from 65385                                 -
  10-02-2024 21:51:05:401:306                         current pid                              65435
  10-02-2024 21:51:05:401:387               sent SIGUSR1 to 65435                                 -
  10-02-2024 21:51:05:502:210        received response from 65435                                 -
  10-02-2024 21:51:05:502:322                         current pid                              65417
  10-02-2024 21:51:05:502:405               sent SIGUSR1 to 65417                                 -
   10-02-2024 21:51:05:603:27        received response from 65417                                 -
  10-02-2024 21:51:05:603:128                         current pid                              65429
  10-02-2024 21:51:05:603:201               sent SIGUSR1 to 65429                                 -
  10-02-2024 21:51:05:703:845        received response from 65429                                 -
  10-02-2024 21:51:05:703:954                         current pid                              65401
   10-02-2024 21:51:05:704:43               sent SIGUSR1 to 65401                                 -
  10-02-2024 21:51:05:804:657        received response from 65401                                 -
  10-02-2024 21:51:05:804:762                         current pid                              65385
  10-02-2024 21:51:05:804:852               sent SIGUSR1 to 65385                                 -
  10-02-2024 21:51:05:905:222        received response from 65385                                 -
  10-02-2024 21:51:05:905:333                         current pid                              65435
  10-02-2024 21:51:05:905:413               sent SIGUSR1 to 65435                                 -
    10-02-2024 21:51:06:6:235        received response from 65435                                 -
    10-02-2024 21:51:06:6:338                         current pid                              65417
    10-02-2024 21:51:06:6:411               sent SIGUSR1 to 65417                                 -
   10-02-2024 21:51:06:107:43        received response from 65417                                 -
  10-02-2024 21:51:06:107:146                         current pid                              65429
  10-02-2024 21:51:06:107:221               sent SIGUSR1 to 65429                                 -
  10-02-2024 21:51:06:207:863        received response from 65429                                 -
  10-02-2024 21:51:06:207:975                         current pid                              65401
   10-02-2024 21:51:06:208:59               sent SIGUSR1 to 65401                                 -
  10-02-2024 21:51:06:308:690        received response from 65401                                 -
  10-02-2024 21:51:06:308:794                         current pid                              65385
  10-02-2024 21:51:06:308:867               sent SIGUSR1 to 65385                                 -
  10-02-2024 21:51:06:409:501        received response from 65385                                 -
  10-02-2024 21:51:06:409:604                         current pid                              65435
  10-02-2024 21:51:06:409:679               sent SIGUSR1 to 65435                                 -
  10-02-2024 21:51:06:510:519        received response from 65435                                 -
  10-02-2024 21:51:06:510:621                         current pid                              65417
  10-02-2024 21:51:06:510:709               sent SIGUSR1 to 65417                                 -
   10-02-2024 21:51:06:611:45        received response from 65417                                 -
  10-02-2024 21:51:06:611:129                         current pid                              65429
  10-02-2024 21:51:06:611:202               sent SIGUSR1 to 65429                                 -
  10-02-2024 21:51:06:711:585        received response from 65429                                 -
  10-02-2024 21:51:06:711:717                         current pid                              65401
  10-02-2024 21:51:06:711:798               sent SIGUSR1 to 65401                                 -
  10-02-2024 21:51:06:812:401        received response from 65401                                 -
  10-02-2024 21:51:06:812:506                         current pid                              65385
  10-02-2024 21:51:06:812:581               sent SIGUSR1 to 65385                                 -
  10-02-2024 21:51:06:912:958        received response from 65385                                 -
   10-02-2024 21:51:06:913:51                         current pid                              65435
  10-02-2024 21:51:06:913:131               sent SIGUSR1 to 65435                                 -
   10-02-2024 21:51:07:13:972        received response from 65435                                 -
    10-02-2024 21:51:07:14:75                         current pid                              65417
   10-02-2024 21:51:07:14:162               sent SIGUSR1 to 65417                                 -
  10-02-2024 21:51:07:114:780        received response from 65417                                 -
  10-02-2024 21:51:07:114:881                         current pid                              65429
  10-02-2024 21:51:07:114:955               sent SIGUSR1 to 65429                                 -
  10-02-2024 21:51:07:215:341        received response from 65429                                 -
  10-02-2024 21:51:07:215:450                         current pid                              65401
  10-02-2024 21:51:07:215:532               sent SIGUSR1 to 65401                                 -
  10-02-2024 21:51:07:316:169        received response from 65401                                 -
  10-02-2024 21:51:07:316:278                         current pid                              65385
  10-02-2024 21:51:07:316:372               sent SIGUSR1 to 65385                                 -
  10-02-2024 21:51:07:416:760        received response from 65385                                 -
  10-02-2024 21:51:07:416:862                         current pid                              65435
  10-02-2024 21:51:07:416:934               sent SIGUSR1 to 65435                                 -
  10-02-2024 21:51:07:517:221        received response from 65435                                 -
  10-02-2024 21:51:07:517:324                         current pid                              65417
  10-02-2024 21:51:07:517:411               sent SIGUSR1 to 65417                                 -
  10-02-2024 21:51:07:617:758        received response from 65417                                 -
  10-02-2024 21:51:07:617:852                         current pid                              65429
    10-02-2024 21:51:07:618:7               sent SIGUSR1 to 65429                                 -
  10-02-2024 21:51:07:718:405        received response from 65429                                 -
  10-02-2024 21:51:07:718:492                         current pid                              65401
  10-02-2024 21:51:07:718:566               sent SIGUSR1 to 65401                                 -
  10-02-2024 21:51:07:819:165        received response from 65401                                 -
  10-02-2024 21:51:07:819:275                         current pid                              65385
  10-02-2024 21:51:07:819:357               sent SIGUSR1 to 65385                                 -
  10-02-2024 21:51:07:919:721        received response from 65385                                 -
  10-02-2024 21:51:07:919:814                         current pid                              65435
  10-02-2024 21:51:07:919:894               sent SIGUSR1 to 65435                                 -
   10-02-2024 21:51:08:20:725        received response from 65435                                 -
   10-02-2024 21:51:08:20:830                         current pid                              65417
   10-02-2024 21:51:08:20:903               sent SIGUSR1 to 65417                                 -
  10-02-2024 21:51:08:121:442        received response from 65417                                 -
  10-02-2024 21:51:08:121:551                         current pid                              65429
  10-02-2024 21:51:08:121:645               sent SIGUSR1 to 65429                                 -
  10-02-2024 21:51:08:222:253        received response from 65429                                 -
  10-02-2024 21:51:08:222:362                         current pid                              65401
  10-02-2024 21:51:08:222:445               sent SIGUSR1 to 65401                                 -
   10-02-2024 21:51:08:323:65        received response from 65401                                 -
  10-02-2024 21:51:08:323:169                         current pid                              65385
  10-02-2024 21:51:08:323:255               sent SIGUSR1 to 65385                                 -
  10-02-2024 21:51:08:423:603        received response from 65385                                 -
  10-02-2024 21:51:08:423:691                         current pid                              65435
  10-02-2024 21:51:08:423:763               sent SIGUSR1 to 65435                                 -
  10-02-2024 21:51:08:524:584        received response from 65435                                 -
  10-02-2024 21:51:08:524:688                         current pid                              65417
  10-02-2024 21:51:08:524:760               sent SIGUSR1 to 65417                                 -
  10-02-2024 21:51:08:625:149        received response from 65417                                 -
  10-02-2024 21:51:08:625:234                         current pid                              65429
  10-02-2024 21:51:08:625:318               sent SIGUSR1 to 65429                                 -
  10-02-2024 21:51:08:725:717        received response from 65429                                 -
  10-02-2024 21:51:08:725:812                         current pid                              65401
  10-02-2024 21:51:08:725:891               sent SIGUSR1 to 65401                                 -
  10-02-2024 21:51:08:826:459        received response from 65401                                 -
  10-02-2024 21:51:08:826:561                         current pid                              65385
  10-02-2024 21:51:08:826:633               sent SIGUSR1 to 65385                                 -
  10-02-2024 21:51:08:926:971        received response from 65385                                 -
   10-02-2024 21:51:08:927:72                         current pid                              65435
  10-02-2024 21:51:08:927:143               sent SIGUSR1 to 65435                                 -
   10-02-2024 21:51:09:27:964        received response from 65435                                 -
    10-02-2024 21:51:09:28:67                         current pid                              65417
   10-02-2024 21:51:09:28:139               sent SIGUSR1 to 65417                                 -
  10-02-2024 21:51:09:128:769        received response from 65417                                 -
  10-02-2024 21:51:09:128:871                         current pid                              65429
  10-02-2024 21:51:09:128:959               sent SIGUSR1 to 65429                                 -
  10-02-2024 21:51:09:229:576        received response from 65429                                 -
  10-02-2024 21:51:09:229:688                         current pid                              65401
  10-02-2024 21:51:09:229:770               sent SIGUSR1 to 65401                                 -
  10-02-2024 21:51:09:330:580        received response from 65401                                 -
  10-02-2024 21:51:09:330:686                         current pid                              65385
  10-02-2024 21:51:09:330:759               sent SIGUSR1 to 65385                                 -
  10-02-2024 21:51:09:431:122        received response from 65385                                 -
  10-02-2024 21:51:09:431:232                         current pid                              65435
  10-02-2024 21:51:09:431:306               sent SIGUSR1 to 65435                                 -
  10-02-2024 21:51:09:532:128        received response from 65435                                 -
  10-02-2024 21:51:09:532:244                         current pid                              65417
  10-02-2024 21:51:09:532:339               sent SIGUSR1 to 65417                                 -
  10-02-2024 21:51:09:632:842        received response from 65417                                 -
  10-02-2024 21:51:09:632:947                         current pid                              65429
   10-02-2024 21:51:09:633:33               sent SIGUSR1 to 65429                                 -
  10-02-2024 21:51:09:733:650        received response from 65429                                 -
  10-02-2024 21:51:09:733:765                         current pid                              65401
  10-02-2024 21:51:09:733:846               sent SIGUSR1 to 65401                                 -
  10-02-2024 21:51:09:834:465        received response from 65401                                 -
  10-02-2024 21:51:09:834:572                         current pid                              65385
  10-02-2024 21:51:09:834:672               sent SIGUSR1 to 65385                                 -
  10-02-2024 21:51:09:934:969        received response from 65385                                 -
   10-02-2024 21:51:09:935:54                         current pid                              65435
  10-02-2024 21:51:09:935:126               sent SIGUSR1 to 65435                                 -
   10-02-2024 21:51:10:35:935        received response from 65435                                 -
    10-02-2024 21:51:10:36:43                         current pid                              65417
   10-02-2024 21:51:10:36:119               sent SIGUSR1 to 65417                                 -
  10-02-2024 21:51:10:136:492        received response from 65417                                 -
  10-02-2024 21:51:10:136:586                         current pid                              65429
  10-02-2024 21:51:10:136:681               sent SIGUSR1 to 65429                                 -
   10-02-2024 21:51:10:237:95        received response from 65429                                 -
  10-02-2024 21:51:10:237:191                         current pid                              65401
  10-02-2024 21:51:10:237:272               sent SIGUSR1 to 65401                                 -
  10-02-2024 21:51:10:337:775        received response from 65401                                 -
  10-02-2024 21:51:10:337:874                         current pid                              65385
  10-02-2024 21:51:10:337:983               sent SIGUSR1 to 65385                                 -
  10-02-2024 21:51:10:438:567        received response from 65385                                 -
  10-02-2024 21:51:10:438:675                         current pid                              65435
  10-02-2024 21:51:10:438:753               sent SIGUSR1 to 65435                                 -
  10-02-2024 21:51:10:539:578        received response from 65435                                 -
  10-02-2024 21:51:10:539:691                         current pid                              65417
  10-02-2024 21:51:10:539:786               sent SIGUSR1 to 65417                                 -
  10-02-2024 21:51:10:640:144        received response from 65417                                 -
  10-02-2024 21:51:10:640:236                         current pid                              65429
  10-02-2024 21:51:10:640:331               sent SIGUSR1 to 65429                                 -
  10-02-2024 21:51:10:740:740        received response from 65429                                 -
  10-02-2024 21:51:10:740:836                         current pid                              65401
  10-02-2024 21:51:10:740:916               sent SIGUSR1 to 65401                                 -
  10-02-2024 21:51:10:841:483        received response from 65401                                 -
  10-02-2024 21:51:10:841:584                         current pid                              65385
  10-02-2024 21:51:10:841:656               sent SIGUSR1 to 65385                                 -
  10-02-2024 21:51:10:942:194        received response from 65385                                 -
  10-02-2024 21:51:10:942:303                         current pid                              65435
  10-02-2024 21:51:10:942:383               sent SIGUSR1 to 65435                                 -
   10-02-2024 21:51:11:43:205        received response from 65435                                 -
   10-02-2024 21:51:11:43:311                         current pid                              65417
   10-02-2024 21:51:11:43:398               sent SIGUSR1 to 65417                                 -
   10-02-2024 21:51:11:144:16        received response from 65417                                 -
  10-02-2024 21:51:11:144:118                         current pid                              65429
  10-02-2024 21:51:11:144:206               sent SIGUSR1 to 65429                                 -
  10-02-2024 21:51:11:244:828        received response from 65429                                 -
  10-02-2024 21:51:11:244:937                         current pid                              65401
   10-02-2024 21:51:11:245:16               sent SIGUSR1 to 65401                                 -
  10-02-2024 21:51:11:345:544        received response from 65401                                 -
  10-02-2024 21:51:11:345:656                         current pid                              65385
  10-02-2024 21:51:11:345:750               sent SIGUSR1 to 65385                                 -
  10-02-2024 21:51:11:446:359        received response from 65385                                 -
  10-02-2024 21:51:11:446:472                         current pid                              65435
  10-02-2024 21:51:11:446:552               sent SIGUSR1 to 65435                                 -
  10-02-2024 21:51:11:547:380        received response from 65435                                 -
  10-02-2024 21:51:11:547:494                         current pid                              65417
  10-02-2024 21:51:11:547:573               sent SIGUSR1 to 65417                                 -
  10-02-2024 21:51:11:648:193        received response from 65417                                 -
  10-02-2024 21:51:11:648:304                         current pid                              65429
  10-02-2024 21:51:11:648:401               sent SIGUSR1 to 65429                                 -
    10-02-2024 21:51:11:749:2        received response from 65429                                 -
  10-02-2024 21:51:11:749:113                         current pid                              65401
  10-02-2024 21:51:11:749:192               sent SIGUSR1 to 65401                                 -
  10-02-2024 21:51:11:849:815        received response from 65401                                 -
  10-02-2024 21:51:11:849:952                         current pid                              65385
   10-02-2024 21:51:11:850:43               sent SIGUSR1 to 65385                                 -
  10-02-2024 21:51:11:950:584        received response from 65385                                 -
  10-02-2024 21:51:11:950:704                         current pid                              65435
  10-02-2024 21:51:11:950:778               sent SIGUSR1 to 65435                                 -
   10-02-2024 21:51:12:51:582        received response from 65435                                 -
   10-02-2024 21:51:12:51:687                         current pid                              65417
   10-02-2024 21:51:12:51:760               sent SIGUSR1 to 65417                                 -
  10-02-2024 21:51:12:152:379        received response from 65417                                 -
  10-02-2024 21:51:12:152:438                         current pid                              65429
  10-02-2024 21:51:12:152:502               sent SIGUSR1 to 65429                                 -
  10-02-2024 21:51:12:253:151        received response from 65429                                 -
  10-02-2024 21:51:12:253:255                         current pid                              65401
  10-02-2024 21:51:12:253:329               sent SIGUSR1 to 65401                                 -
  10-02-2024 21:51:12:353:992        received response from 65401                                 -
  10-02-2024 21:51:12:354:105                         current pid                              65385
  10-02-2024 21:51:12:354:203               sent SIGUSR1 to 65385                                 -
  10-02-2024 21:51:12:454:573        received response from 65385                                 -
  10-02-2024 21:51:12:454:665                         current pid                              65435
  10-02-2024 21:51:12:454:747               sent SIGUSR1 to 65435                                 -
  10-02-2024 21:51:12:555:571        received response from 65435                                 -
  10-02-2024 21:51:12:555:676                         current pid                              65417
  10-02-2024 21:51:12:555:765               sent SIGUSR1 to 65417                                 -
  10-02-2024 21:51:12:656:120        received response from 65417                                 -
  10-02-2024 21:51:12:656:225                         current pid                              65429
  10-02-2024 21:51:12:656:318               sent SIGUSR1 to 65429                                 -
  10-02-2024 21:51:12:756:912        received response from 65429                                 -
   10-02-2024 21:51:12:757:14                         current pid                              65401
   10-02-2024 21:51:12:757:88               sent SIGUSR1 to 65401                                 -
  10-02-2024 21:51:12:857:718        received response from 65401                                 -
  10-02-2024 21:51:12:857:833                         current pid                              65385
  10-02-2024 21:51:12:857:950               sent SIGUSR1 to 65385                                 -
  10-02-2024 21:51:12:958:535        received response from 65385                                 -
  10-02-2024 21:51:12:958:647                         current pid                              65435
  10-02-2024 21:51:12:958:726               sent SIGUSR1 to 65435                                 -
   10-02-2024 21:51:13:59:548        received response from 65435                                 -
   10-02-2024 21:51:13:59:661                         current pid                              65417
   10-02-2024 21:51:13:59:741               sent SIGUSR1 to 65417                                 -
  10-02-2024 21:51:13:160:373        received response from 65417                                 -
  10-02-2024 21:51:13:160:477                         current pid                              65429
  10-02-2024 21:51:13:160:564               sent SIGUSR1 to 65429                                 -
  10-02-2024 21:51:13:261:193        received response from 65429                                 -
  10-02-2024 21:51:13:261:299                         current pid                              65401
  10-02-2024 21:51:13:261:374               sent SIGUSR1 to 65401                                 -
    10-02-2024 21:51:13:362:3        received response from 65401                                 -
  10-02-2024 21:51:13:362:118                         current pid                              65385
  10-02-2024 21:51:13:362:212               sent SIGUSR1 to 65385                                 -
  10-02-2024 21:51:13:462:815        received response from 65385                                 -
  10-02-2024 21:51:13:462:925                         current pid                              65435
    10-02-2024 21:51:13:463:7               sent SIGUSR1 to 65435                                 -
  10-02-2024 21:51:13:563:302        received response from 65435                                 -
  10-02-2024 21:51:13:563:429                         current pid                              65417
  10-02-2024 21:51:13:563:518               sent SIGUSR1 to 65417                                 -
  10-02-2024 21:51:13:663:885        received response from 65417                                 -
  10-02-2024 21:51:13:663:980                         current pid                              65429
   10-02-2024 21:51:13:664:76               sent SIGUSR1 to 65429                                 -
  10-02-2024 21:51:13:764:659        received response from 65429                                 -
  10-02-2024 21:51:13:764:768                         current pid                              65401
  10-02-2024 21:51:13:764:848               sent SIGUSR1 to 65401                                 -
  10-02-2024 21:51:13:865:462        received response from 65401                                 -
  10-02-2024 21:51:13:865:572                         current pid                              65385
  10-02-2024 21:51:13:865:667               sent SIGUSR1 to 65385                                 -
  10-02-2024 21:51:13:966:280        received response from 65385                                 -
  10-02-2024 21:51:13:966:413                         current pid                              65435
  10-02-2024 21:51:13:966:502               sent SIGUSR1 to 65435                                 -
   10-02-2024 21:51:14:66:800        received response from 65435                                 -
   10-02-2024 21:51:14:66:907                         current pid                              65417
     10-02-2024 21:51:14:67:1               sent SIGUSR1 to 65417                                 -
  10-02-2024 21:51:14:167:356        received response from 65417                                 -
  10-02-2024 21:51:14:167:451                         current pid                              65429
  10-02-2024 21:51:14:167:546               sent SIGUSR1 to 65429                                 -
  10-02-2024 21:51:14:268:147        received response from 65429                                 -
  10-02-2024 21:51:14:268:257                         current pid                              65401
  10-02-2024 21:51:14:268:338               sent SIGUSR1 to 65401                                 -
  10-02-2024 21:51:14:368:953        received response from 65401                                 -
   10-02-2024 21:51:14:369:64                         current pid                              65385
  10-02-2024 21:51:14:369:147               sent SIGUSR1 to 65385                                 -
  10-02-2024 21:51:14:469:676        received response from 65385                                 -
  10-02-2024 21:51:14:469:786                         current pid                              65435
  10-02-2024 21:51:14:469:868               sent SIGUSR1 to 65435                                 -
  10-02-2024 21:51:14:570:741        received response from 65435                                 -
  10-02-2024 21:51:14:570:846                         current pid                              65417
  10-02-2024 21:51:14:570:933               sent SIGUSR1 to 65417                                 -
  10-02-2024 21:51:14:671:295        received response from 65417                                 -
  10-02-2024 21:51:14:671:389                         current pid                              65429
  10-02-2024 21:51:14:671:484               sent SIGUSR1 to 65429                                 -
  10-02-2024 21:51:14:771:895        received response from 65429                                 -
  10-02-2024 21:51:14:771:990                         current pid                              65401
   10-02-2024 21:51:14:772:68               sent SIGUSR1 to 65401                                 -
  10-02-2024 21:51:14:872:639        received response from 65401                                 -
  10-02-2024 21:51:14:872:744                         current pid                              65385
  10-02-2024 21:51:14:882:561               sent SIGUSR1 to 65385                                 -
    10-02-2024 21:51:14:983:0        received response from 65385                                 -
  10-02-2024 21:51:14:983:110                         current pid                              65435
  10-02-2024 21:51:14:983:189               sent SIGUSR1 to 65435                                 -
    10-02-2024 21:51:15:84:27        received response from 65435                                 -
   10-02-2024 21:51:15:84:132                         current pid                              65417
   10-02-2024 21:51:15:84:205               sent SIGUSR1 to 65417                                 -
  10-02-2024 21:51:15:184:749        received response from 65417                                 -
  10-02-2024 21:51:15:184:857                         current pid                              65429
  10-02-2024 21:51:15:184:942               sent SIGUSR1 to 65429                                 -
  10-02-2024 21:51:15:285:562        received response from 65429                                 -
  10-02-2024 21:51:15:285:667                         current pid                              65401
  10-02-2024 21:51:15:285:740               sent SIGUSR1 to 65401                                 -
  10-02-2024 21:51:15:386:373        received response from 65401                                 -
  10-02-2024 21:51:15:386:476                         current pid                              65385
  10-02-2024 21:51:15:386:549               sent SIGUSR1 to 65385                                 -
  10-02-2024 21:51:15:487:182        received response from 65385                                 -
  10-02-2024 21:51:15:487:294                         current pid                              65435
  10-02-2024 21:51:15:487:375               sent SIGUSR1 to 65435                                 -
  10-02-2024 21:51:15:588:190        received response from 65435                                 -
  10-02-2024 21:51:15:588:294                         current pid                              65417
  10-02-2024 21:51:15:588:383               sent SIGUSR1 to 65417                                 -
  10-02-2024 21:51:15:688:782        received response from 65417                                 -
  10-02-2024 21:51:15:688:891                         current pid                              65429
  10-02-2024 21:51:15:688:985               sent SIGUSR1 to 65429                                 -
  10-02-2024 21:51:15:789:611        received response from 65429                                 -
  10-02-2024 21:51:15:789:714                         current pid                              65401
  10-02-2024 21:51:15:789:787               sent SIGUSR1 to 65401                                 -
  10-02-2024 21:51:15:890:424        received response from 65401                                 -
  10-02-2024 21:51:15:890:527                         current pid                              65385
  10-02-2024 21:51:15:890:598               sent SIGUSR1 to 65385                                 -
  10-02-2024 21:51:15:991:242        received response from 65385                                 -
  10-02-2024 21:51:15:991:344                         current pid                              65435
  10-02-2024 21:51:15:991:416               sent SIGUSR1 to 65435                                 -
   10-02-2024 21:51:16:92:223        received response from 65435                                 -
   10-02-2024 21:51:16:92:335                         current pid                              65417
   10-02-2024 21:51:16:92:430               sent SIGUSR1 to 65417                                 -
   10-02-2024 21:51:16:193:42        received response from 65417                                 -
  10-02-2024 21:51:16:193:146                         current pid                              65429
  10-02-2024 21:51:16:193:234               sent SIGUSR1 to 65429                                 -
  10-02-2024 21:51:16:293:851        received response from 65429                                 -
  10-02-2024 21:51:16:293:986                         current pid                              65401
   10-02-2024 21:51:16:294:90               sent SIGUSR1 to 65401                                 -
  10-02-2024 21:51:16:394:686        received response from 65401                                 -
  10-02-2024 21:51:16:394:798                         current pid                              65385
  10-02-2024 21:51:16:394:879               sent SIGUSR1 to 65385                                 -
  10-02-2024 21:51:16:495:498        received response from 65385                                 -
  10-02-2024 21:51:16:495:605                         current pid                              65435
  10-02-2024 21:51:16:495:678               sent SIGUSR1 to 65435                                 -
  10-02-2024 21:51:16:596:494        received response from 65435                                 -
  10-02-2024 21:51:16:596:600                         current pid                              65417
  10-02-2024 21:51:16:596:688               sent SIGUSR1 to 65417                                 -
  10-02-2024 21:51:16:697:308        received response from 65417                                 -
  10-02-2024 21:51:16:697:419                         current pid                              65429
  10-02-2024 21:51:16:697:515               sent SIGUSR1 to 65429                                 -
  10-02-2024 21:51:16:798:129        received response from 65429                                 -
  10-02-2024 21:51:16:798:232                         current pid                              65401
  10-02-2024 21:51:16:798:306               sent SIGUSR1 to 65401                                 -
  10-02-2024 21:51:16:898:939        received response from 65401                                 -
   10-02-2024 21:51:16:899:50                         current pid                              65385
  10-02-2024 21:51:16:899:144               sent SIGUSR1 to 65385                                 -
  10-02-2024 21:51:16:999:755        received response from 65385                                 -
  10-02-2024 21:51:16:999:859                         current pid                              65435
  10-02-2024 21:51:16:999:930               sent SIGUSR1 to 65435                                 -
  10-02-2024 21:51:17:100:745        received response from 65435                                 -
  10-02-2024 21:51:17:100:851                         current pid                              65417
  10-02-2024 21:51:17:100:937               sent SIGUSR1 to 65417                                 -
  10-02-2024 21:51:17:201:560        received response from 65417                                 -
  10-02-2024 21:51:17:201:670                         current pid                              65429
  10-02-2024 21:51:17:201:765               sent SIGUSR1 to 65429                                 -
  10-02-2024 21:51:17:302:381        received response from 65429                                 -
  10-02-2024 21:51:17:302:482                         current pid                              65401
  10-02-2024 21:51:17:302:553               sent SIGUSR1 to 65401                                 -
  10-02-2024 21:51:17:403:189        received response from 65401                                 -
  10-02-2024 21:51:17:403:293                         current pid                              65385
  10-02-2024 21:51:17:403:382               sent SIGUSR1 to 65385                                 -
    10-02-2024 21:51:17:504:2        received response from 65385                                 -
  10-02-2024 21:51:17:504:103                         current pid                              65435
  10-02-2024 21:51:17:504:177               sent SIGUSR1 to 65435                                 -
  10-02-2024 21:51:17:604:986        received response from 65435                                 -
   10-02-2024 21:51:17:605:90                         current pid                              65417
  10-02-2024 21:51:17:605:177               sent SIGUSR1 to 65417                                 -
   10-02-2024 21:51:17:706:88        received response from 65417                                 -
  10-02-2024 21:51:17:706:201                         current pid                              65429
  10-02-2024 21:51:17:706:296               sent SIGUSR1 to 65429                                 -
  10-02-2024 21:51:17:806:899        received response from 65429                                 -
   10-02-2024 21:51:17:807:11                         current pid                              65401
   10-02-2024 21:51:17:807:92               sent SIGUSR1 to 65401                                 -
  10-02-2024 21:51:17:907:718        received response from 65401                                 -
  10-02-2024 21:51:17:907:831                         current pid                              65385
  10-02-2024 21:51:17:907:923               sent SIGUSR1 to 65385                                 -
    10-02-2024 21:51:18:8:281        received response from 65385                                 -
    10-02-2024 21:51:18:8:381                         current pid                              65435
    10-02-2024 21:51:18:8:452               sent SIGUSR1 to 65435                                 -
  10-02-2024 21:51:18:109:256        received response from 65435                                 -
  10-02-2024 21:51:18:109:360                         current pid                              65417
  10-02-2024 21:51:18:109:434               sent SIGUSR1 to 65417                                 -
   10-02-2024 21:51:18:210:74        received response from 65417                                 -
  10-02-2024 21:51:18:210:176                         current pid                              65429
  10-02-2024 21:51:18:210:264               sent SIGUSR1 to 65429                                 -
  10-02-2024 21:51:18:310:878        received response from 65429                                 -
  10-02-2024 21:51:18:310:982                         current pid                              65401
   10-02-2024 21:51:18:311:55               sent SIGUSR1 to 65401                                 -
  10-02-2024 21:51:18:411:685        received response from 65401                                 -
  10-02-2024 21:51:18:411:797                         current pid                              65385
  10-02-2024 21:51:18:411:877               sent SIGUSR1 to 65385                                 -
  10-02-2024 21:51:18:512:249        received response from 65385                                 -
  10-02-2024 21:51:18:512:354                         current pid                              65435
  10-02-2024 21:51:18:512:434               sent SIGUSR1 to 65435                                 -
  10-02-2024 21:51:18:612:972        received response from 65435                                 -
   10-02-2024 21:51:18:613:80                         current pid                              65417
  10-02-2024 21:51:18:613:176               sent SIGUSR1 to 65417                                 -
  10-02-2024 21:51:18:713:772        received response from 65417                                 -
  10-02-2024 21:51:18:713:870                         current pid                              65429
  10-02-2024 21:51:18:713:992               sent SIGUSR1 to 65429                                 -
  10-02-2024 21:51:18:814:608        received response from 65429                                 -
  10-02-2024 21:51:18:814:638                         current pid                              65401
  10-02-2024 21:51:18:814:657               sent SIGUSR1 to 65401                                 -
   10-02-2024 21:51:18:915:21        received response from 65401                                 -
  10-02-2024 21:51:18:915:123                         current pid                              65385
  10-02-2024 21:51:18:915:196               sent SIGUSR1 to 65385                                 -
   10-02-2024 21:51:19:15:839        received response from 65385                                 -
   10-02-2024 21:51:19:15:947                         current pid                              65435
    10-02-2024 21:51:19:16:55               sent SIGUSR1 to 65435                                 -
  10-02-2024 21:51:19:116:880        received response from 65435                                 -
  10-02-2024 21:51:19:116:981                         current pid                              65417
   10-02-2024 21:51:19:117:54               sent SIGUSR1 to 65417                                 -
  10-02-2024 21:51:19:217:694        received response from 65417                                 -
  10-02-2024 21:51:19:217:795                         current pid                              65429
  10-02-2024 21:51:19:217:882               sent SIGUSR1 to 65429                                 -
  10-02-2024 21:51:19:318:531        received response from 65429                                 -
  10-02-2024 21:51:19:318:567                         current pid                              65401
  10-02-2024 21:51:19:318:592               sent SIGUSR1 to 65401                                 -
  10-02-2024 21:51:19:418:890        received response from 65401                                 -
  10-02-2024 21:51:19:418:998                         current pid                              65385
   10-02-2024 21:51:19:419:80               sent SIGUSR1 to 65385                                 -
  10-02-2024 21:51:19:519:453        received response from 65385                                 -
  10-02-2024 21:51:19:519:537                         current pid                              65435
  10-02-2024 21:51:19:519:608               sent SIGUSR1 to 65435                                 -
  10-02-2024 21:51:19:620:178        received response from 65435                                 -
  10-02-2024 21:51:19:620:288                         current pid                              65417
  10-02-2024 21:51:19:620:371               sent SIGUSR1 to 65417                                 -
  10-02-2024 21:51:19:720:984        received response from 65417                                 -
   10-02-2024 21:51:19:721:86                         current pid                              65429
  10-02-2024 21:51:19:721:173               sent SIGUSR1 to 65429                                 -
  10-02-2024 21:51:19:821:800        received response from 65429                                 -
  10-02-2024 21:51:19:821:946                         current pid                              65401
   10-02-2024 21:51:19:822:30               sent SIGUSR1 to 65401                                 -
  10-02-2024 21:51:19:922:490        received response from 65401                                 -
  10-02-2024 21:51:19:922:599                         current pid                              65385
  10-02-2024 21:51:19:922:690               sent SIGUSR1 to 65385                                 -
   10-02-2024 21:51:20:23:313        received response from 65385                                 -
   10-02-2024 21:51:20:23:413                         current pid                              65435
   10-02-2024 21:51:20:23:487               sent SIGUSR1 to 65435                                 -
  10-02-2024 21:51:20:124:289        received response from 65435                                 -
  10-02-2024 21:51:20:124:401                         current pid                              65417
  10-02-2024 21:51:20:124:496               sent SIGUSR1 to 65417                                 -
  10-02-2024 21:51:20:224:810        received response from 65417                                 -
  10-02-2024 21:51:20:224:868                         current pid                              65429
  10-02-2024 21:51:20:224:915               sent SIGUSR1 to 65429                                 -
  10-02-2024 21:51:20:325:594        received response from 65429                                 -
  10-02-2024 21:51:20:325:695                         current pid                              65401
  10-02-2024 21:51:20:325:769               sent SIGUSR1 to 65401                                 -
  10-02-2024 21:51:20:426:310        received response from 65401                                 -
  10-02-2024 21:51:20:426:444                         current pid                              65385
  10-02-2024 21:51:20:426:527               sent SIGUSR1 to 65385                                 -
  10-02-2024 21:51:20:527:125        received response from 65385                                 -
  10-02-2024 21:51:20:527:227                         current pid                              65435
  10-02-2024 21:51:20:527:299               sent SIGUSR1 to 65435                                 -
  10-02-2024 21:51:20:627:846        received response from 65435                                 -
  10-02-2024 21:51:20:627:955                         current pid                              65417
   10-02-2024 21:51:20:628:35               sent SIGUSR1 to 65417                                 -
  10-02-2024 21:51:20:728:660        received response from 65417                                 -
  10-02-2024 21:51:20:728:771                         current pid                              65429
  10-02-2024 21:51:20:728:867               sent SIGUSR1 to 65429                                 -
  10-02-2024 21:51:20:829:477        received response from 65429                                 -
  10-02-2024 21:51:20:829:577                         current pid                              65401
  10-02-2024 21:51:20:829:650               sent SIGUSR1 to 65401                                 -
  10-02-2024 21:51:20:930:283        received response from 65401                                 -
  10-02-2024 21:51:20:930:382                         current pid                              65385
  10-02-2024 21:51:20:930:455               sent SIGUSR1 to 65385                                 -
    10-02-2024 21:51:21:31:86        received response from 65385                                 -
   10-02-2024 21:51:21:31:197                         current pid                              65435
   10-02-2024 21:51:21:31:278               sent SIGUSR1 to 65435                                 -
  10-02-2024 21:51:21:132:104        received response from 65435                                 -
  10-02-2024 21:51:21:132:205                         current pid                              65417
  10-02-2024 21:51:21:132:295               sent SIGUSR1 to 65417                                 -
  10-02-2024 21:51:21:232:905        received response from 65417                                 -
    10-02-2024 21:51:21:233:7                         current pid                              65429
   10-02-2024 21:51:21:233:97               sent SIGUSR1 to 65429                                 -
  10-02-2024 21:51:21:333:708        received response from 65429                                 -
  10-02-2024 21:51:21:333:811                         current pid                              65401
  10-02-2024 21:51:21:333:886               sent SIGUSR1 to 65401                                 -
  10-02-2024 21:51:21:434:513        received response from 65401                                 -
  10-02-2024 21:51:21:434:625                         current pid                              65385
  10-02-2024 21:51:21:434:706               sent SIGUSR1 to 65385                                 -
  10-02-2024 21:51:21:535:321        received response from 65385                                 -
  10-02-2024 21:51:21:535:432                         current pid                              65435
  10-02-2024 21:51:21:535:513               sent SIGUSR1 to 65435                                 -
   10-02-2024 21:51:21:636:62        received response from 65435                                 -
  10-02-2024 21:51:21:636:172                         current pid                              65417
  10-02-2024 21:51:21:636:253               sent SIGUSR1 to 65417                                 -
  10-02-2024 21:51:21:736:863        received response from 65417                                 -
  10-02-2024 21:51:21:736:975                         current pid                              65429
   10-02-2024 21:51:21:737:71               sent SIGUSR1 to 65429                                 -
  10-02-2024 21:51:21:837:684        received response from 65429                                 -
  10-02-2024 21:51:21:837:794                         current pid                              65401
  10-02-2024 21:51:21:837:873               sent SIGUSR1 to 65401                                 -
  10-02-2024 21:51:21:938:485        received response from 65401                                 -
  10-02-2024 21:51:21:938:594                         current pid                              65385
  10-02-2024 21:51:21:938:677               sent SIGUSR1 to 65385                                 -
    10-02-2024 21:51:22:39:37        received response from 65385                                 -
   10-02-2024 21:51:22:39:121                         current pid                              65435
   10-02-2024 21:51:22:39:192               sent SIGUSR1 to 65435                                 -
  10-02-2024 21:51:22:139:998        received response from 65435                                 -
  10-02-2024 21:51:22:140:100                         current pid                              65417
  10-02-2024 21:51:22:140:173               sent SIGUSR1 to 65417                                 -
  10-02-2024 21:51:22:240:809        received response from 65417                                 -
  10-02-2024 21:51:22:240:908                         current pid                              65429
  10-02-2024 21:51:22:240:993               sent SIGUSR1 to 65429                                 -
  10-02-2024 21:51:22:341:619        received response from 65429                                 -
  10-02-2024 21:51:22:341:722                         current pid                              65401
  10-02-2024 21:51:22:341:796               sent SIGUSR1 to 65401                                 -
  10-02-2024 21:51:22:442:424        received response from 65401                                 -
  10-02-2024 21:51:22:442:531                         current pid                              65385
  10-02-2024 21:51:22:442:612               sent SIGUSR1 to 65385                                 -
  10-02-2024 21:51:22:543:230        received response from 65385                                 -
  10-02-2024 21:51:22:543:331                         current pid                              65435
  10-02-2024 21:51:22:543:403               sent SIGUSR1 to 65435                                 -
  10-02-2024 21:51:22:644:216        received response from 65435                                 -
  10-02-2024 21:51:22:644:324                         current pid                              65417
  10-02-2024 21:51:22:644:406               sent SIGUSR1 to 65417                                 -
   10-02-2024 21:51:22:745:10        received response from 65417                                 -
  10-02-2024 21:51:22:745:112                         current pid                              65429
  10-02-2024 21:51:22:745:200               sent SIGUSR1 to 65429                                 -
  10-02-2024 21:51:22:845:818        received response from 65429                                 -
  10-02-2024 21:51:22:845:959                         current pid                              65401
   10-02-2024 21:51:22:846:35               sent SIGUSR1 to 65401                                 -
  10-02-2024 21:51:22:946:624        received response from 65401                                 -
  10-02-2024 21:51:22:946:735                         current pid                              65385
  10-02-2024 21:51:22:946:815               sent SIGUSR1 to 65385                                 -
   10-02-2024 21:51:23:47:436        received response from 65385                                 -
   10-02-2024 21:51:23:47:547                         current pid                              65435
   10-02-2024 21:51:23:47:629               sent SIGUSR1 to 65435                                 -
  10-02-2024 21:51:23:148:442        received response from 65435                                 -
  10-02-2024 21:51:23:148:544                         current pid                              65417
  10-02-2024 21:51:23:148:646               sent SIGUSR1 to 65417                                 -
  10-02-2024 21:51:23:249:249        received response from 65417                                 -
  10-02-2024 21:51:23:249:352                         current pid                              65429
  10-02-2024 21:51:23:249:438               sent SIGUSR1 to 65429                                 -
   10-02-2024 21:51:23:350:60        received response from 65429                                 -
  10-02-2024 21:51:23:350:162                         current pid                              65401
  10-02-2024 21:51:23:350:234               sent SIGUSR1 to 65401                                 -
  10-02-2024 21:51:23:450:860        received response from 65401                                 -
  10-02-2024 21:51:23:450:970                         current pid                              65385
   10-02-2024 21:51:23:451:52               sent SIGUSR1 to 65385                                 -
  10-02-2024 21:51:23:551:664        received response from 65385                                 -
  10-02-2024 21:51:23:551:773                         current pid                              65435
  10-02-2024 21:51:23:551:855               sent SIGUSR1 to 65435                                 -
  10-02-2024 21:51:23:652:663        received response from 65435                                 -
  10-02-2024 21:51:23:652:764                         current pid                              65417
  10-02-2024 21:51:23:652:837               sent SIGUSR1 to 65417                                 -
  10-02-2024 21:51:23:753:301        received response from 65417                                 -
  10-02-2024 21:51:23:753:411                         current pid                              65429
  10-02-2024 21:51:23:753:507               sent SIGUSR1 to 65429                                 -
  10-02-2024 21:51:23:853:958        received response from 65429                                 -
   10-02-2024 21:51:23:854:69                         current pid                              65401
  10-02-2024 21:51:23:854:149               sent SIGUSR1 to 65401                                 -
  10-02-2024 21:51:23:954:768        received response from 65401                                 -
  10-02-2024 21:51:23:954:878                         current pid                              65385
  10-02-2024 21:51:23:954:971               sent SIGUSR1 to 65385                                 -
   10-02-2024 21:51:24:55:332        received response from 65385                                 -
   10-02-2024 21:51:24:55:416                         current pid                              65435
   10-02-2024 21:51:24:55:488               sent SIGUSR1 to 65435                                 -
  10-02-2024 21:51:24:156:299        received response from 65435                                 -
  10-02-2024 21:51:24:156:405                         current pid                              65417
  10-02-2024 21:51:24:156:492               sent SIGUSR1 to 65417                                 -
  10-02-2024 21:51:24:257:126        received response from 65417                                 -
  10-02-2024 21:51:24:257:230                         current pid                              65429
  10-02-2024 21:51:24:257:316               sent SIGUSR1 to 65429                                 -
  10-02-2024 21:51:24:357:960        received response from 65429                                 -
   10-02-2024 21:51:24:358:62                         current pid                              65401
  10-02-2024 21:51:24:358:134               sent SIGUSR1 to 65401                                 -
  10-02-2024 21:51:24:458:504        received response from 65401                                 -
  10-02-2024 21:51:24:458:574                         current pid                              65385
  10-02-2024 21:51:24:458:624               sent SIGUSR1 to 65385                                 -
  10-02-2024 21:51:24:559:292        received response from 65385                                 -
  10-02-2024 21:51:24:559:403                         current pid                              65435
  10-02-2024 21:51:24:559:484               sent SIGUSR1 to 65435                                 -
  10-02-2024 21:51:24:660:309        received response from 65435                                 -
  10-02-2024 21:51:24:660:421                         current pid                              65417
  10-02-2024 21:51:24:660:518               sent SIGUSR1 to 65417                                 -
  10-02-2024 21:51:24:761:117        received response from 65417                                 -
  10-02-2024 21:51:24:761:219                         current pid                              65429
  10-02-2024 21:51:24:761:307               sent SIGUSR1 to 65429                                 -
  10-02-2024 21:51:24:861:966        received response from 65429                                 -
   10-02-2024 21:51:24:862:70                         current pid                              65401
  10-02-2024 21:51:24:862:145               sent SIGUSR1 to 65401                                 -
  10-02-2024 21:51:24:962:778        received response from 65401                                 -
  10-02-2024 21:51:24:962:899                         current pid                              65385
  10-02-2024 21:51:24:965:797               sent SIGUSR1 to 65385                                 -
   10-02-2024 21:51:25:66:368        received response from 65385                                 -
   10-02-2024 21:51:25:66:495                         current pid                              65435
   10-02-2024 21:51:25:66:622               sent SIGUSR1 to 65435                                 -
   10-02-2024 21:51:25:167:31        received response from 65435                                 -
  10-02-2024 21:51:25:167:139                         current pid                              65417
  10-02-2024 21:51:25:167:271               sent SIGUSR1 to 65417                                 -
  10-02-2024 21:51:25:267:787        received response from 65417                                 -
  10-02-2024 21:51:25:267:910                         current pid                              65429
   10-02-2024 21:51:25:268:26               sent SIGUSR1 to 65429                                 -
  10-02-2024 21:51:25:368:451        received response from 65429                                 -
  10-02-2024 21:51:25:368:591                         current pid                              65401
  10-02-2024 21:51:25:368:717               sent SIGUSR1 to 65401                                 -
  10-02-2024 21:51:25:469:197        received response from 65401                                 -
  10-02-2024 21:51:25:469:333                         current pid                              65385
  10-02-2024 21:51:25:469:478               sent SIGUSR1 to 65385                                 -
   10-02-2024 21:51:25:570:14        received response from 65385                                 -
  10-02-2024 21:51:25:570:137                         current pid                              65435
  10-02-2024 21:51:25:570:252               sent SIGUSR1 to 65435                                 -
  10-02-2024 21:51:25:670:598        received response from 65435                                 -
  10-02-2024 21:51:25:670:719                         current pid                              65417
  10-02-2024 21:51:25:670:853               sent SIGUSR1 to 65417                                 -
  10-02-2024 21:51:25:771:409        received response from 65417                                 -
  10-02-2024 21:51:25:771:546                         current pid                              65429
  10-02-2024 21:51:25:771:673               sent SIGUSR1 to 65429                                 -
  10-02-2024 21:51:25:872:220        received response from 65429                                 -
  10-02-2024 21:51:25:872:343                         current pid                              65401
  10-02-2024 21:51:25:872:510               sent SIGUSR1 to 65401                                 -
   10-02-2024 21:51:25:973:34        received response from 65401                                 -
  10-02-2024 21:51:25:973:170                         current pid                              65385
  10-02-2024 21:51:25:973:313               sent SIGUSR1 to 65385                                 -
   10-02-2024 21:51:26:73:754        received response from 65385                                 -
   10-02-2024 21:51:26:73:897                         current pid                              65435
    10-02-2024 21:51:26:74:64               sent SIGUSR1 to 65435                                 -
  10-02-2024 21:51:26:174:491        received response from 65435                                 -
  10-02-2024 21:51:26:174:624                         current pid                              65417
  10-02-2024 21:51:26:174:775               sent SIGUSR1 to 65417                                 -
  10-02-2024 21:51:26:275:191        received response from 65417                                 -
  10-02-2024 21:51:26:275:314                         current pid                              65429
  10-02-2024 21:51:26:275:437               sent SIGUSR1 to 65429                                 -
  10-02-2024 21:51:26:375:846        received response from 65429                                 -
  10-02-2024 21:51:26:375:982                         current pid                              65401
  10-02-2024 21:51:26:376:109               sent SIGUSR1 to 65401                                 -
  10-02-2024 21:51:26:476:399        received response from 65401                                 -
  10-02-2024 21:51:26:476:490                         current pid                              65385
  10-02-2024 21:51:26:476:614               sent SIGUSR1 to 65385                                 -
  10-02-2024 21:51:26:576:992        received response from 65385                                 -
   10-02-2024 21:51:26:577:85                         current pid                              65435
  10-02-2024 21:51:26:577:201               sent SIGUSR1 to 65435                                 -
  10-02-2024 21:51:26:677:838        received response from 65435                                 -
    10-02-2024 21:51:26:678:7                         current pid                              65417
  10-02-2024 21:51:26:678:156               sent SIGUSR1 to 65417                                 -
  10-02-2024 21:51:26:778:674        received response from 65417                                 -
  10-02-2024 21:51:26:778:810                         current pid                              65429
  10-02-2024 21:51:26:778:939               sent SIGUSR1 to 65429                                 -
  10-02-2024 21:51:26:879:487        received response from 65429                                 -
  10-02-2024 21:51:26:879:623                         current pid                              65401
  10-02-2024 21:51:26:879:752               sent SIGUSR1 to 65401                                 -
  10-02-2024 21:51:26:980:305        received response from 65401                                 -
  10-02-2024 21:51:26:980:444                         current pid                              65385
  10-02-2024 21:51:26:980:586               sent SIGUSR1 to 65385                                 -
   10-02-2024 21:51:27:81:144        received response from 65385                                 -
   10-02-2024 21:51:27:81:267                         current pid                              65435
   10-02-2024 21:51:27:81:381               sent SIGUSR1 to 65435                                 -
  10-02-2024 21:51:27:182:150        received response from 65435                                 -
  10-02-2024 21:51:27:182:273                         current pid                              65417
  10-02-2024 21:51:27:182:403               sent SIGUSR1 to 65417                                 -
  10-02-2024 21:51:27:282:757        received response from 65417                                 -
  10-02-2024 21:51:27:282:928                         current pid                              65429
   10-02-2024 21:51:27:283:58               sent SIGUSR1 to 65429                                 -
  10-02-2024 21:51:27:383:486        received response from 65429                                 -
  10-02-2024 21:51:27:383:613                         current pid                              65401
  10-02-2024 21:51:27:383:728               sent SIGUSR1 to 65401                                 -
   10-02-2024 21:51:27:484:98        received response from 65401                                 -
  10-02-2024 21:51:27:484:221                         current pid                              65385
  10-02-2024 21:51:27:484:356               sent SIGUSR1 to 65385                                 -
  10-02-2024 21:51:27:584:908        received response from 65385                                 -
   10-02-2024 21:51:27:585:31                         current pid                              65435
  10-02-2024 21:51:27:585:145               sent SIGUSR1 to 65435                                 -
  10-02-2024 21:51:27:685:889        received response from 65435                                 -
   10-02-2024 21:51:27:686:62                         current pid                              65417
  10-02-2024 21:51:27:686:205               sent SIGUSR1 to 65417                                 -
  10-02-2024 21:51:27:786:733        received response from 65417                                 -
  10-02-2024 21:51:27:786:855                         current pid                              65429
  10-02-2024 21:51:27:786:970               sent SIGUSR1 to 65429                                 -
  10-02-2024 21:51:27:887:543        received response from 65429                                 -
  10-02-2024 21:51:27:887:666                         current pid                              65401
  10-02-2024 21:51:27:887:782               sent SIGUSR1 to 65401                                 -
  10-02-2024 21:51:27:988:183        received response from 65401                                 -
  10-02-2024 21:51:27:988:306                         current pid                              65385
  10-02-2024 21:51:27:988:427               sent SIGUSR1 to 65385                                 -
   10-02-2024 21:51:28:88:806        received response from 65385                                 -
   10-02-2024 21:51:28:88:920                         current pid                              65435
    10-02-2024 21:51:28:89:33               sent SIGUSR1 to 65435                                 -
  10-02-2024 21:51:28:189:722        received response from 65435                                 -
  10-02-2024 21:51:28:189:858                         current pid                              65417
   10-02-2024 21:51:28:190:46               sent SIGUSR1 to 65417                                 -
  10-02-2024 21:51:28:290:541        received response from 65417                                 -
  10-02-2024 21:51:28:290:676                         current pid                              65429
  10-02-2024 21:51:28:290:803               sent SIGUSR1 to 65429                                 -
  10-02-2024 21:51:28:391:357        received response from 65429                                 -
  10-02-2024 21:51:28:391:492                         current pid                              65401
  10-02-2024 21:51:28:391:620               sent SIGUSR1 to 65401                                 -
  10-02-2024 21:51:28:492:184        received response from 65401                                 -
  10-02-2024 21:51:28:492:306                         current pid                              65385
  10-02-2024 21:51:28:492:431               sent SIGUSR1 to 65385                                 -
  10-02-2024 21:51:28:592:993        received response from 65385                                 -
  10-02-2024 21:51:28:593:116                         current pid                              65435
  10-02-2024 21:51:28:593:231               sent SIGUSR1 to 65435                                 -
   10-02-2024 21:51:28:694:64        received response from 65435                                 -
  10-02-2024 21:51:28:694:201                         current pid                              65417
  10-02-2024 21:51:28:694:342               sent SIGUSR1 to 65417                                 -
  10-02-2024 21:51:28:794:879        received response from 65417                                 -
    10-02-2024 21:51:28:795:1                         current pid                              65429
  10-02-2024 21:51:28:795:115               sent SIGUSR1 to 65429                                 -
  10-02-2024 21:51:28:895:693        received response from 65429                                 -
  10-02-2024 21:51:28:895:827                         current pid                              65401
  10-02-2024 21:51:28:895:955               sent SIGUSR1 to 65401                                 -
  10-02-2024 21:51:28:996:507        received response from 65401                                 -
  10-02-2024 21:51:28:996:642                         current pid                              65385
  10-02-2024 21:51:28:996:783               sent SIGUSR1 to 65385                                 -
   10-02-2024 21:51:29:97:204        received response from 65385                                 -
   10-02-2024 21:51:29:97:340                         current pid                              65435
   10-02-2024 21:51:29:97:475               sent SIGUSR1 to 65435                                 -
  10-02-2024 21:51:29:198:331        received response from 65435                                 -
  10-02-2024 21:51:29:198:466                         current pid                              65417
  10-02-2024 21:51:29:198:610               sent SIGUSR1 to 65417                                 -
   10-02-2024 21:51:29:299:35        received response from 65417                                 -
  10-02-2024 21:51:29:299:180                         current pid                              65429
  10-02-2024 21:51:29:299:303               sent SIGUSR1 to 65429                                 -
  10-02-2024 21:51:29:399:722        received response from 65429                                 -
  10-02-2024 21:51:29:399:854                         current pid                              65401
  10-02-2024 21:51:29:399:987               sent SIGUSR1 to 65401                                 -
  10-02-2024 21:51:29:500:412        received response from 65401                                 -
  10-02-2024 21:51:29:500:533                         current pid                              65385
  10-02-2024 21:51:29:500:662               sent SIGUSR1 to 65385                                 -
   10-02-2024 21:51:29:601:62        received response from 65385                                 -
  10-02-2024 21:51:29:601:182                         current pid                              65435
  10-02-2024 21:51:29:601:299               sent SIGUSR1 to 65435                                 -
  10-02-2024 21:51:29:701:723        received response from 65435                                 -
  10-02-2024 21:51:29:701:857                         current pid                              65417
   10-02-2024 21:51:29:702:44               sent SIGUSR1 to 65417                                 -
  10-02-2024 21:51:29:802:444        received response from 65417                                 -
  10-02-2024 21:51:29:802:564                         current pid                              65429
  10-02-2024 21:51:29:802:682               sent SIGUSR1 to 65429                                 -
  10-02-2024 21:51:29:903:228        received response from 65429                                 -
  10-02-2024 21:51:29:903:352                         current pid                              65401
  10-02-2024 21:51:29:903:468               sent SIGUSR1 to 65401                                 -
     10-02-2024 21:51:30:4:31        received response from 65401                                 -
    10-02-2024 21:51:30:4:160                         current pid                              65385
    10-02-2024 21:51:30:7:403               sent SIGUSR1 to 65385                                 -
  10-02-2024 21:51:30:108:103        received response from 65385                                 -
  10-02-2024 21:51:30:108:228                         current pid                              65435
  10-02-2024 21:51:30:108:345               sent SIGUSR1 to 65435                                 -
  10-02-2024 21:51:30:209:173        received response from 65435                                 -
  10-02-2024 21:51:30:209:309                         current pid                              65417
  10-02-2024 21:51:30:209:453               sent SIGUSR1 to 65417                                 -
   10-02-2024 21:51:30:310:19        received response from 65417                                 -
  10-02-2024 21:51:30:310:154                         current pid                              65429
  10-02-2024 21:51:30:310:282               sent SIGUSR1 to 65429                                 -
  10-02-2024 21:51:30:410:834        received response from 65429                                 -
  10-02-2024 21:51:30:410:959                         current pid                              65401
   10-02-2024 21:51:30:411:74               sent SIGUSR1 to 65401                                 -
  10-02-2024 21:51:30:511:500        received response from 65401                                 -
  10-02-2024 21:51:30:511:644                         current pid                              65385
  10-02-2024 21:51:30:511:789               sent SIGUSR1 to 65385                                 -
  10-02-2024 21:51:30:612:171        received response from 65385                                 -
  10-02-2024 21:51:30:612:288                         current pid                              65435
  10-02-2024 21:51:30:612:396               sent SIGUSR1 to 65435                                 -
  10-02-2024 21:51:30:712:804        received response from 65435                                 -
  10-02-2024 21:51:30:712:925                         current pid                              65417
   10-02-2024 21:51:30:713:54               sent SIGUSR1 to 65417                                 -
  10-02-2024 21:51:30:813:519        received response from 65417                                 -
  10-02-2024 21:51:30:813:643                         current pid                              65429
  10-02-2024 21:51:30:813:756               sent SIGUSR1 to 65429                                 -
  10-02-2024 21:51:30:914:148        received response from 65429                                 -
  10-02-2024 21:51:30:914:278                         current pid                              65401
  10-02-2024 21:51:30:914:404               sent SIGUSR1 to 65401                                 -
   10-02-2024 21:51:31:14:933        received response from 65401                                 -
    10-02-2024 21:51:31:15:71                         current pid                              65385
   10-02-2024 21:51:31:15:212               sent SIGUSR1 to 65385                                 -
  10-02-2024 21:51:31:115:755        received response from 65385                                 -
  10-02-2024 21:51:31:115:892                         current pid                              65435
   10-02-2024 21:51:31:116:19               sent SIGUSR1 to 65435                                 -
  10-02-2024 21:51:31:216:856        received response from 65435                                 -
  10-02-2024 21:51:31:216:979                         current pid                              65417
  10-02-2024 21:51:31:217:109               sent SIGUSR1 to 65417                                 -
  10-02-2024 21:51:31:317:569        received response from 65417                                 -
  10-02-2024 21:51:31:317:692                         current pid                              65429
  10-02-2024 21:51:31:317:807               sent SIGUSR1 to 65429                                 -
  10-02-2024 21:51:31:418:300        received response from 65429                                 -
  10-02-2024 21:51:31:418:446                         current pid                              65401
  10-02-2024 21:51:31:418:560               sent SIGUSR1 to 65401                                 -
  10-02-2024 21:51:31:518:972        received response from 65401                                 -
   10-02-2024 21:51:31:519:93                         current pid                              65385
  10-02-2024 21:51:31:519:218               sent SIGUSR1 to 65385                                 -
  10-02-2024 21:51:31:619:625        received response from 65385                                 -
  10-02-2024 21:51:31:619:764                         current pid                              65435
  10-02-2024 21:51:31:619:891               sent SIGUSR1 to 65435                                 -
  10-02-2024 21:51:31:720:510        received response from 65435                                 -
  10-02-2024 21:51:31:720:633                         current pid                              65417
  10-02-2024 21:51:31:720:769               sent SIGUSR1 to 65417                                 -
  10-02-2024 21:51:31:821:318        received response from 65417                                 -
  10-02-2024 21:51:31:821:440                         current pid                              65429
  10-02-2024 21:51:31:821:555               sent SIGUSR1 to 65429                                 -
   10-02-2024 21:51:31:922:46        received response from 65429                                 -
  10-02-2024 21:51:31:922:168                         current pid                              65401
  10-02-2024 21:51:31:922:283               sent SIGUSR1 to 65401                                 -
   10-02-2024 21:51:32:22:854        received response from 65401                                 -
   10-02-2024 21:51:32:22:978                         current pid                              65385
   10-02-2024 21:51:32:23:106               sent SIGUSR1 to 65385                                 -
  10-02-2024 21:51:32:123:665        received response from 65385                                 -
  10-02-2024 21:51:32:123:804                         current pid                              65435
  10-02-2024 21:51:32:123:930               sent SIGUSR1 to 65435                                 -
  10-02-2024 21:51:32:224:794        received response from 65435                                 -
  10-02-2024 21:51:32:224:915                         current pid                              65417
   10-02-2024 21:51:32:225:49               sent SIGUSR1 to 65417                                 -
  10-02-2024 21:51:32:325:605        received response from 65417                                 -
  10-02-2024 21:51:32:325:727                         current pid                              65429
  10-02-2024 21:51:32:325:843               sent SIGUSR1 to 65429                                 -
  10-02-2024 21:51:32:426:323        received response from 65429                                 -
  10-02-2024 21:51:32:426:443                         current pid                              65401
  10-02-2024 21:51:32:426:559               sent SIGUSR1 to 65401                                 -
  10-02-2024 21:51:32:527:133        received response from 65401                                 -
  10-02-2024 21:51:32:527:272                         current pid                              65385
  10-02-2024 21:51:32:527:412               sent SIGUSR1 to 65385                                 -
  10-02-2024 21:51:32:627:815        received response from 65385                                 -
  10-02-2024 21:51:32:627:934                         current pid                              65435
   10-02-2024 21:51:32:628:50               sent SIGUSR1 to 65435                                 -
  10-02-2024 21:51:32:728:802        received response from 65435                                 -
  10-02-2024 21:51:32:728:926                         current pid                              65417
   10-02-2024 21:51:32:729:90               sent SIGUSR1 to 65417                                 -
  10-02-2024 21:51:32:829:614        received response from 65417                                 -
  10-02-2024 21:51:32:829:735                         current pid                              65429
  10-02-2024 21:51:32:829:849               sent SIGUSR1 to 65429                                 -
  10-02-2024 21:51:32:930:425        received response from 65429                                 -
  10-02-2024 21:51:32:930:560                         current pid                              65401
  10-02-2024 21:51:32:930:689               sent SIGUSR1 to 65401                                 -
   10-02-2024 21:51:33:31:238        received response from 65401                                 -
   10-02-2024 21:51:33:31:386                         current pid                              65385
   10-02-2024 21:51:33:31:528               sent SIGUSR1 to 65385                                 -
   10-02-2024 21:51:33:132:70        received response from 65385                                 -
  10-02-2024 21:51:33:132:193                         current pid                              65435
  10-02-2024 21:51:33:132:307               sent SIGUSR1 to 65435                                 -
   10-02-2024 21:51:33:233:14        received response from 65435                                 -
   10-02-2024 21:51:33:233:53                         current pid                              65417
   10-02-2024 21:51:33:233:89               sent SIGUSR1 to 65417                                 -
  10-02-2024 21:51:33:333:776        received response from 65417                                 -
  10-02-2024 21:51:33:333:951                         current pid                              65429
   10-02-2024 21:51:33:334:84               sent SIGUSR1 to 65429                                 -
  10-02-2024 21:51:33:345:985        received response from 65429                                 -
   10-02-2024 21:51:33:346:29                         current pid                              65401
   10-02-2024 21:51:33:346:71               sent SIGUSR1 to 65401                                 -
   10-02-2024 21:51:33:348:43        received response from 65401                                 -
  10-02-2024 21:51:33:348:136                         current pid                              65385
  10-02-2024 21:51:33:348:161               sent SIGUSR1 to 65385                                 -
